[12/10/2016 22:12:8] /a 2
[12/10/2016 22:12:8] /a 2
[12/10/2016 22:12:8] /a 2
[12/10/2016 22:12:8] /a 2
[12/10/2016 22:12:8] /a 2
[12/10/2016 22:12:8] /a 2
[12/10/2016 22:12:8] /a 2
[12/10/2016 22:12:8] /a 2
[12/10/2016 22:12:8] /a 2
[12/10/2016 22:12:9] /a 2
[12/10/2016 22:12:9] /a 2
[12/10/2016 22:12:9] /a 2
[12/10/2016 22:12:9] /a 2
[12/10/2016 22:12:9] /a 2
[12/10/2016 22:12:9] /a 2
[12/10/2016 22:12:9] /a 2
[12/10/2016 22:12:9] /a 2
[12/10/2016 22:12:9] /a 2
[12/10/2016 22:12:9] /a 2
[12/10/2016 22:12:9] /a 2
[12/10/2016 22:12:9] /a 2
[12/10/2016 22:12:17] /c Solido
[12/10/2016 22:12:18] /c Solido
[12/10/2016 22:12:18] /c Solido
[12/10/2016 22:12:18] /c Solido
[12/10/2016 22:12:18] /c Solido
[12/10/2016 22:12:18] /c Solido
[12/10/2016 22:12:18] /c Solido
[12/10/2016 22:12:18] /c Solido
[12/10/2016 22:12:18] /c Solido
[12/10/2016 22:12:18] /c Solido
[12/10/2016 22:12:18] /c Solido
[12/10/2016 22:12:18] /c Solido
[12/10/2016 22:12:18] /c Solido
[12/10/2016 22:12:18] /c Solido
[12/10/2016 22:12:18] /c Solido
[12/10/2016 22:12:18] /c Solido
[12/10/2016 22:12:18] /c Solido
[12/10/2016 22:12:18] /c Solido
[12/10/2016 22:12:18] /c Solido
[12/10/2016 22:12:18] /c Solido
[12/10/2016 22:12:18] /c Solido
[12/10/2016 22:12:18] /c Solido
[12/10/2016 22:12:18] /c Solido
[12/10/2016 22:12:18] /c Solido
[12/10/2016 22:12:18] /c Solido
[12/10/2016 22:12:18] /c Solido
[12/10/2016 22:12:18] /c Solido
[12/10/2016 22:12:19] /c Solido
[12/10/2016 22:12:19] /c Solido
[12/10/2016 22:12:19] /c Solido
[12/10/2016 22:12:19] /c Solido
[12/10/2016 22:12:19] /c Solido
[12/10/2016 22:12:19] /c Solido
[12/10/2016 22:12:19] /c Solido
[12/10/2016 22:12:19] /c Solido
[12/10/2016 22:12:19] /c Solido
[12/10/2016 22:12:19] /c Solido
[12/10/2016 22:12:19] /c Solido
[12/10/2016 22:12:19] /c Solido
[12/10/2016 22:12:19] /c Solido
[12/10/2016 22:12:19] /c Solido
[12/10/2016 22:12:19] /c Solido
[12/10/2016 22:12:19] /c Solido
[12/10/2016 22:12:19] /c Solido
[12/10/2016 22:12:19] /c Solido
[12/10/2016 22:12:19] /c Solido
[12/10/2016 22:12:19] /c Solido
[12/10/2016 22:12:19] /c Solido
[12/10/2016 22:12:19] /c Solido
[12/10/2016 22:12:19] /c Solido
[12/10/2016 22:12:19] /c Solido
[12/10/2016 22:12:19] /c Solido
[12/10/2016 22:12:19] /c Solido
[12/10/2016 22:12:19] /c Solido
[12/10/2016 22:12:19] /c Solido
[12/10/2016 22:12:19] /c Solido
[12/10/2016 22:12:19] /c Solido
[12/10/2016 22:12:19] /c Solido
[12/10/2016 22:12:19] /c Solido
[12/10/2016 22:12:20] /c Solido
[12/10/2016 22:12:20] /c Solido
[12/10/2016 22:12:20] /c Solido
[12/10/2016 22:12:20] /c Solido
[12/10/2016 22:12:20] /c Solido
[12/10/2016 22:12:20] /c Solido
[12/10/2016 22:12:20] /c Solido
[12/10/2016 22:12:20] /c Solido
[12/10/2016 22:12:20] /c Solido
[12/10/2016 22:12:20] /c Solido
[12/10/2016 22:12:20] /c Solido
[12/10/2016 22:12:20] /c Solido
[12/10/2016 22:12:20] /c Solido
[12/10/2016 22:12:20] /c Solido
[12/10/2016 22:12:20] /c Solido
[12/10/2016 22:12:20] /c Solido
[12/10/2016 22:12:20] /c Solido
[12/10/2016 22:12:20] /c Solido
[12/10/2016 22:12:20] /c Solido
[12/10/2016 22:12:20] /c Solido
[12/10/2016 22:12:20] /c Solido
[12/10/2016 22:12:20] /c Solido
[12/10/2016 22:12:20] /c Solido
[12/10/2016 22:12:20] /c Solido
[12/10/2016 22:12:20] /c Solido
[12/10/2016 22:12:20] /c Solido
[12/10/2016 22:12:20] /c Solido
[12/10/2016 22:12:20] /c Solido
[12/10/2016 22:12:20] /c Solido
[12/10/2016 22:12:20] /c Solido
[12/10/2016 22:12:20] /c Solido
[12/10/2016 22:12:21] /c Solido
[12/10/2016 22:12:21] /c Solido
[12/10/2016 22:12:21] /c Solido
[12/10/2016 22:12:21] /c Solido
[12/10/2016 22:12:21] /c Solido
[12/10/2016 22:12:21] /c Solido
[12/10/2016 22:12:21] /c Solido
[12/10/2016 22:12:21] /c Solido
[12/10/2016 22:12:21] /c Solido
[12/10/2016 22:12:22] /a 2
[12/10/2016 22:12:23] /a 2
[12/10/2016 22:12:23] /a 2
[12/10/2016 22:12:23] /a 2
[12/10/2016 22:12:24] /a 2
[12/10/2016 22:12:24] /a 2
[12/10/2016 22:12:24] /a 2
[12/10/2016 22:12:24] /a 2
[12/10/2016 22:12:24] /a 2
[12/10/2016 22:12:24] /a 2
[12/10/2016 22:12:24] /a 2
[12/10/2016 22:12:24] /a 2
[12/10/2016 22:12:24] /a 2
[12/10/2016 22:12:24] /a 2
[12/10/2016 22:12:24] /a 2
[12/10/2016 22:12:24] /a 2
[12/10/2016 22:12:24] /a 2
[12/10/2016 22:12:26] /c Solido
[12/10/2016 22:12:26] /c Solido
[12/10/2016 22:12:26] /c Solido
[12/10/2016 22:12:26] /c Solido
[12/10/2016 22:12:26] /c Solido
[12/10/2016 22:12:26] /c Solido
[12/10/2016 22:12:26] /c Solido
[12/10/2016 22:12:26] /c Solido
[12/10/2016 22:12:26] /c Solido
[12/10/2016 22:12:26] /c Solido
[12/10/2016 22:12:26] /c Solido
[12/10/2016 22:12:26] /c Solido
[12/10/2016 22:12:27] /c Solido
[12/10/2016 22:12:27] /c Solido
[12/10/2016 22:12:27] /c Solido
[12/10/2016 22:12:27] /c Solido
[12/10/2016 22:12:27] /c Solido
[12/10/2016 22:12:27] /c Solido
[12/10/2016 22:12:27] /c Solido
[12/10/2016 22:12:27] /c Solido
[12/10/2016 22:12:27] /c Solido
[12/10/2016 22:12:27] /c Solido
[12/10/2016 22:12:27] /c Solido
[12/10/2016 22:12:27] /c Solido
[12/10/2016 22:12:27] /c Solido
[12/10/2016 22:12:27] /c Solido
[12/10/2016 22:12:27] /c Solido
[12/10/2016 22:12:27] /c Solido
[12/10/2016 22:12:27] /c Solido
[12/10/2016 22:12:27] /c Solido
[12/10/2016 22:12:27] /c Solido
[12/10/2016 22:12:27] /c Solido
[12/10/2016 22:12:27] /c Solido
[12/10/2016 22:12:27] /c Solido
[12/10/2016 22:12:27] /c Solido
[12/10/2016 22:12:27] /c Solido
[12/10/2016 22:12:27] /c Solido
[12/10/2016 22:12:27] /c Solido
[12/10/2016 22:12:27] /c Solido
[12/10/2016 22:12:27] /c Solido
[12/10/2016 22:12:27] /c Solido
[12/10/2016 22:12:27] /c Solido
[12/10/2016 22:12:27] /c Solido
[12/10/2016 22:12:27] /c Solido
[12/10/2016 22:12:28] /c Solido
[12/10/2016 22:12:28] /c Solido
[12/10/2016 22:12:28] /c Solido
[12/10/2016 22:12:28] /c Solido
[12/10/2016 22:12:28] /c Solido
[12/10/2016 22:12:28] /c Solido
[12/10/2016 22:12:28] /c Solido
[12/10/2016 22:12:28] /c Solido
[12/10/2016 22:12:28] /c Solido
[12/10/2016 22:12:28] /c Solido
[12/10/2016 22:12:28] /c Solido
[12/10/2016 22:12:28] /c Solido
[12/10/2016 22:12:28] /c Solido
[12/10/2016 22:12:28] /c Solido
[12/10/2016 22:12:28] /c Solido
[12/10/2016 22:12:28] /c Solido
[12/10/2016 22:12:28] /c Solido
[12/10/2016 22:12:28] /c Solido
[12/10/2016 22:12:28] /c Solido
[12/10/2016 22:12:28] /c Solido
[12/10/2016 22:12:28] /c Solido
[12/10/2016 22:12:28] /c Solido
[12/10/2016 22:12:28] /c Solido
[12/10/2016 22:12:28] /c Solido
[12/10/2016 22:12:28] /c Solido
[12/10/2016 22:12:28] /c Solido
[12/10/2016 22:12:28] /c Solido
[12/10/2016 22:12:28] /c Solido
[12/10/2016 22:12:28] /c Solido
[12/10/2016 22:12:28] /c Solido
[12/10/2016 22:12:28] /c Solido
[12/10/2016 22:12:28] /c Solido
[12/10/2016 22:12:29] /c Solido
[12/10/2016 22:12:29] /c Solido
[12/10/2016 22:12:29] /c Solido
[12/10/2016 22:12:29] /c Solido
[12/10/2016 22:12:29] /c Solido
[12/10/2016 22:12:29] /c Solido
[12/10/2016 22:12:29] /c Solido
[12/10/2016 22:12:29] /c Solido
[12/10/2016 22:12:29] /c Solido
[12/10/2016 22:12:29] /c Solido
[12/10/2016 22:12:29] /c Solido
[12/10/2016 22:12:47] /m exp bug
[12/10/2016 22:12:52] /m exp bug
[12/10/2016 22:17:0] /i jester doll
[12/10/2016 22:17:29] /i zaoan chessbox
[12/10/2016 22:17:33] /i zaoan chess box
[12/10/2016 22:17:43] /i backpack of holding
[12/10/2016 22:17:58] /i great mana potion
[12/10/2016 22:18:0] /i great mana potion
[12/10/2016 22:18:1] /i great mana potion
[12/10/2016 22:18:1] /i great mana potion
[12/10/2016 22:18:2] /i great mana potion
[12/10/2016 22:18:9] /i great mana potion
[12/10/2016 22:20:15] /i zaoan chess box
[12/10/2016 22:20:20] /i backpack of holding
[12/10/2016 22:20:27] /i great mana potion
[12/10/2016 22:20:28] /i great mana potion
[12/10/2016 22:20:28] /i great mana potion
[12/10/2016 22:20:29] /i great mana potion
[12/10/2016 22:20:29] /i great mana potion
[12/10/2016 22:20:30] /i great mana potion
[12/10/2016 22:20:30] /i great mana potion
[12/10/2016 22:20:42] /i royal scale robe
[12/10/2016 22:20:46] /i zaoan legs
[12/10/2016 22:20:53] /i boots of haste
[12/10/2016 22:20:56] /i pair of soft boots
[12/10/2016 22:21:4] /i yalahari mask
[12/10/2016 22:21:10] /i glacial rod
[12/10/2016 22:21:19] /i umbral master spellbook
[12/10/2016 22:21:38] /i prismatic ring
[12/10/2016 22:21:38] /i prismatic ring
[12/10/2016 22:21:49] /i prismatic ring
[12/10/2016 22:22:6] /i platinum amulet
[12/10/2016 22:22:12] /i crystal coin
[12/10/2016 22:22:14] /i crystal coin
[12/10/2016 22:22:19] /i jester doll
[12/10/2016 22:22:23] /i jester doll
[12/10/2016 22:22:24] /i jester doll
[12/10/2016 22:22:25] /i jester doll
[12/10/2016 22:22:29] /i sudden death rune
[12/10/2016 22:22:30] /i sudden death rune
[12/10/2016 22:22:31] /i sudden death rune
[12/10/2016 22:22:31] /i sudden death rune
[12/10/2016 22:22:32] /i sudden death rune
[12/10/2016 22:22:32] /i sudden death rune
[12/10/2016 22:22:33] /i sudden death rune
[12/10/2016 22:22:44] /i ornate legs
[12/10/2016 22:25:8] /addskill Knight Test, Sword
[12/10/2016 22:25:10] /addskill Knight Test, Sword
[12/10/2016 22:25:10] /addskill Knight Test, Sword
[12/10/2016 22:25:10] /addskill Knight Test, Sword
[12/10/2016 22:25:11] /addskill Knight Test, Sword
[12/10/2016 22:25:11] /addskill Knight Test, Sword
[12/10/2016 22:25:12] /addskill Knight Test, Sword
[12/10/2016 22:25:12] /addskill Knight Test, Sword
[12/10/2016 22:25:12] /addskill Knight Test, Sword
[12/10/2016 22:25:13] /addskill Knight Test, Sword
[12/10/2016 22:25:13] /addskill Knight Test, Sword
[12/10/2016 22:25:14] /addskill Knight Test, Sword
[12/10/2016 22:25:14] /addskill Knight Test, Sword
[12/10/2016 22:25:14] /addskill Knight Test, Sword
[12/10/2016 22:25:15] /addskill Knight Test, Sword
[12/10/2016 22:25:15] /addskill Knight Test, Sword
[12/10/2016 22:25:16] /addskill Knight Test, Sword
[12/10/2016 22:25:16] /addskill Knight Test, Sword
[12/10/2016 22:25:17] /addskill Knight Test, Sword
[12/10/2016 22:25:17] /addskill Knight Test, Sword
[12/10/2016 22:25:17] /addskill Knight Test, Sword
[12/10/2016 22:25:18] /addskill Knight Test, Sword
[12/10/2016 22:25:18] /addskill Knight Test, Sword
[12/10/2016 22:25:19] /addskill Knight Test, Sword
[12/10/2016 22:25:19] /addskill Knight Test, Sword
[12/10/2016 22:25:20] /addskill Knight Test, Sword
[12/10/2016 22:25:23] /addskill Knight Test, Shield
[12/10/2016 22:25:23] /addskill Knight Test, Shield
[12/10/2016 22:25:24] /addskill Knight Test, Shield
[12/10/2016 22:25:24] /addskill Knight Test, Shield
[12/10/2016 22:25:24] /addskill Knight Test, Shield
[12/10/2016 22:25:25] /addskill Knight Test, Shield
[12/10/2016 22:25:25] /addskill Knight Test, Shield
[12/10/2016 22:25:26] /addskill Knight Test, Shield
[12/10/2016 22:25:26] /addskill Knight Test, Shield
[12/10/2016 22:25:26] /addskill Knight Test, Shield
[12/10/2016 22:25:27] /addskill Knight Test, Shield
[12/10/2016 22:25:27] /addskill Knight Test, Shield
[12/10/2016 22:25:28] /addskill Knight Test, Shield
[12/10/2016 22:25:28] /addskill Knight Test, Shield
[12/10/2016 22:25:29] /addskill Knight Test, Shield
[12/10/2016 22:25:29] /addskill Knight Test, Shield
[12/10/2016 22:25:30] /addskill Knight Test, Shield
[12/10/2016 22:25:30] /addskill Knight Test, Shield
[12/10/2016 22:25:30] /addskill Knight Test, Shield
[12/10/2016 22:25:31] /addskill Knight Test, Shield
[12/10/2016 22:25:31] /addskill Knight Test, Shield
[12/10/2016 22:25:32] /addskill Knight Test, Shield
[12/10/2016 22:25:32] /addskill Knight Test, Shield
[12/10/2016 22:25:33] /addskill Knight Test, Shield
[12/10/2016 22:25:33] /addskill Knight Test, Shield
[12/10/2016 22:25:34] /addskill Knight Test, Shield
[12/10/2016 22:25:34] /addskill Knight Test, Shield
[12/10/2016 22:25:35] /addskill Knight Test, Shield
[12/10/2016 22:25:35] /addskill Knight Test, Shield
[12/10/2016 22:25:36] /addskill Knight Test, Shield
[12/10/2016 22:25:37] /addskill Knight Test, Shield
[12/10/2016 22:30:9] /goto knight test
[12/10/2016 22:30:11] /i fire bomb rune
[12/10/2016 22:30:15] /i fire bomb rune
[12/10/2016 22:30:18] /i fire bomb rune
[12/10/2016 22:30:25] /i blank rune
[12/10/2016 22:31:13] /i energy ring
[12/10/2016 22:31:14] /i energy ring
[12/10/2016 22:38:3] /goto knight test
[12/10/2016 22:38:6] /a 2
[12/10/2016 22:38:7] /a 2
[12/10/2016 22:38:7] /a 2
[12/10/2016 22:38:7] /a 2
[12/10/2016 22:38:7] /a 2
[12/10/2016 22:38:7] /a 2
[12/10/2016 22:38:7] /a 2
[12/10/2016 22:38:7] /a 2
[12/10/2016 22:38:8] /a 2
[12/10/2016 22:38:9] /a 2
[12/10/2016 22:38:11] /a 2
[12/10/2016 22:38:12] /a 2
[12/10/2016 22:38:14] /a 2
[12/10/2016 22:38:14] /a 2
[12/10/2016 22:38:18] /a 2
[12/10/2016 22:38:18] /a 2
[12/10/2016 22:38:18] /a 2
[12/10/2016 22:38:18] /a 2
[12/10/2016 22:38:18] /a 2
[12/10/2016 22:38:19] /a 2
[12/10/2016 22:39:39] /goto knight test
[12/10/2016 22:39:45] /i valanche rune
[12/10/2016 22:39:49] /i avalanche rune
[12/10/2016 22:39:50] /i avalanche rune
[12/10/2016 22:39:51] /i avalanche rune
[12/10/2016 22:39:51] /i avalanche rune
[12/10/2016 22:45:43] /goto knight test
[12/10/2016 22:46:5] /i wild growth rune
[12/10/2016 22:47:26] /a 2
[12/10/2016 22:47:26] /a 2
[12/10/2016 22:47:26] /a 2
[12/10/2016 22:47:26] /a 2
[12/10/2016 22:47:27] /a 2
[12/10/2016 22:47:27] /a 2
[12/10/2016 22:47:27] /a 2
[12/10/2016 22:47:27] /a 2
[12/10/2016 22:47:27] /a 2
[12/10/2016 22:47:27] /a 2
[12/10/2016 22:47:27] /a 2
[12/10/2016 22:47:27] /a 2
[12/10/2016 22:47:27] /a 2
[12/10/2016 22:47:27] /a 2
[12/10/2016 22:47:27] /a 2
[12/10/2016 22:47:27] /a 2
[12/10/2016 22:47:28] /a 2
[12/10/2016 22:47:28] /a 2
[12/10/2016 22:47:28] /a 2
[12/10/2016 22:47:28] /a 2
[12/10/2016 22:47:28] /a 2
[12/10/2016 22:47:28] /a 2
[12/10/2016 22:47:28] /a 2
[12/10/2016 22:47:28] /a 2
[12/10/2016 22:47:28] /a 2
[12/10/2016 22:47:28] /a 2
[12/10/2016 22:47:29] /a 2
[12/10/2016 22:47:30] /a 2
[12/10/2016 22:47:30] /a 2
[12/10/2016 22:47:30] /a 2
[12/10/2016 22:47:30] /a 2
[12/10/2016 22:47:30] /a 2
[12/10/2016 22:47:31] /a 2
[12/10/2016 22:47:31] /a 2
[12/10/2016 22:47:31] /a 2
[12/10/2016 22:47:32] /a 2
[12/10/2016 22:47:33] /a 2
[12/10/2016 22:47:33] /a 2
[12/10/2016 22:47:43] /up
[12/10/2016 22:47:47] /c knight test
[12/10/2016 22:49:9] /c ruxaxup god
[12/10/2016 22:49:9] /c ruxaxup god
[12/10/2016 22:49:51] /c ruxaxup god
[12/10/2016 22:49:58] /c solido
[12/10/2016 22:50:3] /i zaoan chess box
[12/10/2016 22:50:9] /i backpack of holding
[12/10/2016 22:50:13] /i great mana potion
[12/10/2016 22:50:14] /i great mana potion
[12/10/2016 22:50:15] /i great mana potion
[12/10/2016 22:50:15] /i great mana potion
[12/10/2016 22:50:15] /i great mana potion
[12/10/2016 22:50:18] /i backpack of holding
[12/10/2016 22:50:19] /i backpack of holding
[12/10/2016 22:50:20] /i great mana potion
[12/10/2016 22:50:27] /i great mana potion
[12/10/2016 22:50:36] /i sudden death rune
[12/10/2016 22:50:37] /i sudden death rune
[12/10/2016 22:50:37] /i sudden death rune
[12/10/2016 22:50:38] /i sudden death rune
[12/10/2016 22:50:38] /i sudden death rune
[12/10/2016 22:50:39] /i sudden death rune
[12/10/2016 22:50:39] /i sudden death rune
[12/10/2016 22:50:51] /i wild growth rune
[12/10/2016 22:51:32] /i ornate legs
[12/10/2016 22:51:38] /i crystal coin
[12/10/2016 22:51:41] /a 2
[12/10/2016 22:51:41] /a 2
[12/10/2016 22:51:49] /a 2
[12/10/2016 22:51:51] /a 2
[12/10/2016 22:51:51] /a 2
[12/10/2016 22:51:51] /a 2
[12/10/2016 22:51:51] /a 2
[12/10/2016 22:52:43] /i avalanche rune
[12/10/2016 22:52:44] /i avalanche rune
[12/10/2016 22:52:44] /i avalanche rune
[12/10/2016 22:52:45] /i avalanche rune
[12/10/2016 22:52:45] /i avalanche rune
[12/10/2016 22:57:41] /goto knight test
[12/10/2016 22:57:47] /m stheno
[12/10/2016 23:2:3] /goto solido
[12/10/2016 23:2:4] /goto solido
[12/10/2016 23:2:4] /goto solido
[12/10/2016 23:2:4] /goto solido
[12/10/2016 23:2:5] /goto solido
[12/10/2016 23:2:5] /goto solido
[12/10/2016 23:2:6] /goto solido
[12/10/2016 23:2:7] /goto solido
[12/10/2016 23:2:7] /goto solido
[12/10/2016 23:2:8] /goto solido
[12/10/2016 23:2:8] /goto solido
[12/10/2016 23:2:9] /goto solido
[12/10/2016 23:2:9] /goto solido
[12/10/2016 23:2:10] /goto solido
[12/10/2016 23:2:10] /goto solido
[12/10/2016 23:2:10] /goto solido
[12/10/2016 23:2:11] /goto solido
[12/10/2016 23:2:11] /goto solido
[12/10/2016 23:2:12] /goto solido
[12/10/2016 23:2:12] /goto solido
[12/10/2016 23:2:12] /goto solido
[12/10/2016 23:2:13] /goto solido
[12/10/2016 23:2:13] /goto solido
[12/10/2016 23:2:14] /goto solido
[12/10/2016 23:2:14] /goto solido
[12/10/2016 23:2:15] /goto solido
[12/10/2016 23:2:15] /goto solido
[12/10/2016 23:2:15] /goto solido
[12/10/2016 23:2:16] /goto solido
[12/10/2016 23:2:16] /goto solido
[12/10/2016 23:2:17] /goto solido
[12/10/2016 23:2:17] /goto solido
[12/10/2016 23:2:18] /goto solido
[12/10/2016 23:2:18] /goto solido
[12/10/2016 23:2:19] /goto solido
[12/10/2016 23:2:19] /goto solido
[12/10/2016 23:2:20] /goto solido
[12/10/2016 23:2:20] /goto solido
[12/10/2016 23:2:21] /goto solido
[12/10/2016 23:2:21] /goto solido
[12/10/2016 23:2:22] /goto solido
[12/10/2016 23:2:22] /goto solido
[12/10/2016 23:2:23] /goto solido
[12/10/2016 23:2:23] /goto solido
[12/10/2016 23:2:23] /goto solido
[12/10/2016 23:2:24] /goto solido
[12/10/2016 23:2:26] /a 2
[12/10/2016 23:2:26] /a 2
[12/10/2016 23:2:26] /a 2
[12/10/2016 23:2:27] /a 2
[12/10/2016 23:2:43] /c knight test
[12/10/2016 23:2:44] /a 2
[12/10/2016 23:2:44] /a 2
[12/10/2016 23:2:44] /a 2
[12/10/2016 23:2:44] /a 2
[12/10/2016 23:2:45] /a 2
[12/10/2016 23:2:45] /a 2
[12/10/2016 23:2:45] /a 2
[12/10/2016 23:2:45] /a 2
[12/10/2016 23:2:45] /a 2
[12/10/2016 23:2:46] /a 2
[12/10/2016 23:2:47] /a 2
[12/10/2016 23:2:47] /a 2
[12/10/2016 23:2:48] /a 2
[12/10/2016 23:2:48] /a 2
[12/10/2016 23:2:48] /a 2
[12/10/2016 23:2:49] /a 2
[12/10/2016 23:2:49] /a 2
[12/10/2016 23:2:49] /a 2
[12/10/2016 23:2:49] /a 2
[12/10/2016 23:2:51] /a 2
[12/10/2016 23:2:52] /c knight test
[12/10/2016 23:3:28] /goto knight test
[12/10/2016 23:3:30] /a 2
[12/10/2016 23:3:30] /a 2
[12/10/2016 23:3:30] /a 2
[12/10/2016 23:3:33] /goto knight test
[12/10/2016 23:3:38] /goto knight test
[12/10/2016 23:3:40] /goto knight test
[12/10/2016 23:4:3] /i pick
[12/10/2016 23:4:19] /goto knight test
[12/10/2016 23:4:22] /goto knight test
[12/10/2016 23:4:33] /goto knight test
[12/10/2016 23:5:55] /m devovorga
[12/10/2016 23:6:0] /m devovorga
[12/10/2016 23:6:4] /m devovorga
[12/10/2016 23:6:5] /m devovorga
[12/10/2016 23:6:5] /m devovorga
[12/10/2016 23:6:6] /m devovorga
[12/10/2016 23:6:6] /m devovorga
[12/10/2016 23:6:6] /m devovorga
[12/10/2016 23:6:7] /m devovorga
[12/10/2016 23:6:7] /m devovorga
[12/10/2016 23:6:8] /m devovorga
[12/10/2016 23:6:8] /m devovorga
[12/10/2016 23:6:28] /goto knight test
[12/10/2016 23:6:39] /goto knight test
[12/10/2016 23:6:59] /goto knight test
[12/10/2016 23:7:2] /a 2
[12/10/2016 23:7:48] /goto knight test
[12/10/2016 23:8:16] /m devovorga
[12/10/2016 23:8:23] /m lucifer
[12/10/2016 23:8:27] /m devovorga
[12/10/2016 23:8:28] /m lucifer
[12/10/2016 23:8:30] /m lucifer
[12/10/2016 23:8:31] /m lucifer
[12/10/2016 23:8:32] /m lucifer
[12/10/2016 23:8:33] /m lucifer
[12/10/2016 23:8:36] /m lucifer
[12/10/2016 23:8:37] /m lucifer
[12/10/2016 23:8:40] /m lucifer
[12/10/2016 23:8:41] /m lucifer
[12/10/2016 23:8:41] /m lucifer
[12/10/2016 23:8:42] /m lucifer
[12/10/2016 23:8:42] /m lucifer
[12/10/2016 23:8:43] /m lucifer
[12/10/2016 23:8:43] /m lucifer
[12/10/2016 23:8:47] /m lucifer
[12/10/2016 23:8:47] /m lucifer
[12/10/2016 23:8:48] /m lucifer
[12/10/2016 23:8:48] /m lucifer
[12/10/2016 23:8:49] /m lucifer
[12/10/2016 23:8:49] /m lucifer
[12/10/2016 23:8:50] /m lucifer
[12/10/2016 23:8:50] /m lucifer
[12/10/2016 23:8:51] /m lucifer
[12/10/2016 23:8:55] /m lucifer
[12/10/2016 23:8:55] /m lucifer
[12/10/2016 23:8:56] /m lucifer
[12/10/2016 23:8:56] /m lucifer
[12/10/2016 23:8:57] /m lucifer
[12/10/2016 23:8:58] /m lucifer
[12/10/2016 23:8:58] /m lucifer
[12/10/2016 23:8:59] /m lucifer
[12/10/2016 23:9:1] /m bimbo
[12/10/2016 23:9:2] /m bimbo
[12/10/2016 23:9:3] /m bimbo
[12/10/2016 23:9:6] /m bimbo
[12/10/2016 23:9:11] /a 2
[12/10/2016 23:9:13] /a 2
[12/10/2016 23:9:20] /m teitan
[12/10/2016 23:9:22] /m teitan
[12/10/2016 23:9:23] /m teitan
[12/10/2016 23:9:24] /m teitan
[12/10/2016 23:9:24] /m teitan
[12/10/2016 23:9:25] /m teitan
[12/10/2016 23:9:26] /m teitan
[12/10/2016 23:9:37] /m juggernaut
[12/10/2016 23:9:39] /m juggernaut
[12/10/2016 23:9:40] /m juggernaut
[12/10/2016 23:9:59] /goto knight test
[12/10/2016 23:10:20] /a 2
[12/10/2016 23:10:21] /a 2
[12/10/2016 23:10:21] /a 2
[12/10/2016 23:10:22] /a 2
[12/10/2016 23:10:22] /a 2
[12/10/2016 23:10:22] /a 2
[12/10/2016 23:10:22] /a 2
[12/10/2016 23:10:22] /a 2
[12/10/2016 23:10:22] /a 2
[12/10/2016 23:10:23] /a 2
[12/10/2016 23:10:23] /a 2
[12/10/2016 23:10:23] /a 2
[12/10/2016 23:10:24] /a 2
[12/10/2016 23:10:24] /a 2
[12/10/2016 23:10:24] /a 2
[12/10/2016 23:10:25] /a 2
[12/10/2016 23:10:26] /a 2
[12/10/2016 23:10:27] /a 2
[12/10/2016 23:10:28] /a 2
[12/10/2016 23:10:28] /a 2
[12/10/2016 23:10:32] /c knight test
[12/10/2016 23:11:0] /c solido
[12/10/2016 23:22:30] /a 2
[12/10/2016 23:22:30] /a 2
[12/10/2016 23:22:30] /a 2
[12/10/2016 23:22:30] /a 2
[12/10/2016 23:22:30] /a 2
[12/10/2016 23:22:30] /a 2
[12/10/2016 23:22:31] /a 2
[12/10/2016 23:22:31] /a 2
[12/10/2016 23:22:31] /a 2
[12/10/2016 23:22:32] /a 2
[12/10/2016 23:22:32] /a 2
[12/10/2016 23:22:34] /a 2
[12/10/2016 23:22:34] /a 2
[12/10/2016 23:22:34] /a 2
[12/10/2016 23:22:35] /a 2
[12/10/2016 23:22:35] /a 2
[12/10/2016 23:22:35] /a 2
[12/10/2016 23:22:36] /a 2
[12/10/2016 23:22:37] /a 2
[12/10/2016 23:22:37] /a 2
[12/10/2016 23:22:37] /a 2
[12/10/2016 23:22:38] /a 2
[12/10/2016 23:22:39] /a 2
[12/10/2016 23:22:39] /a 2
[12/10/2016 23:22:39] /a 2
[12/10/2016 23:22:39] /a 2
[12/10/2016 23:22:39] /a 2
[12/10/2016 23:22:39] /a 2
[12/10/2016 23:22:39] /a 2
[12/10/2016 23:22:39] /a 2
[12/10/2016 23:22:39] /a 2
[12/10/2016 23:22:39] /a 2
[12/10/2016 23:22:40] /a 2
[12/10/2016 23:22:40] /a 2
[12/10/2016 23:22:40] /a 2
[12/10/2016 23:22:40] /a 2
[12/10/2016 23:22:42] /a 2
[12/10/2016 23:22:43] /a 2
[12/10/2016 23:22:43] /a 2
[12/10/2016 23:22:43] /a 2
[12/10/2016 23:22:43] /a 2
[12/10/2016 23:22:43] /a 2
[12/10/2016 23:22:43] /a 2
[12/10/2016 23:22:43] /a 2
[12/10/2016 23:22:43] /a 2
[12/10/2016 23:22:44] /a 2
[12/10/2016 23:22:44] /a 2
[12/10/2016 23:22:44] /a 2
[12/10/2016 23:22:44] /a 2
[12/10/2016 23:22:44] /a 2
[12/10/2016 23:22:44] /a 2
[12/10/2016 23:22:46] /a 2
[12/10/2016 23:22:46] /a 2
[12/10/2016 23:22:46] /a 2
[12/10/2016 23:22:46] /a 2
[12/10/2016 23:22:46] /a 2
[12/10/2016 23:22:46] /a 2
[12/10/2016 23:22:46] /a 2
[12/10/2016 23:22:46] /a 2
[12/10/2016 23:22:46] /a 2
[12/10/2016 23:22:46] /a 2
[12/10/2016 23:22:46] /a 2
[12/10/2016 23:22:47] /a 2
[12/10/2016 23:22:47] /a 2
[12/10/2016 23:22:47] /a 2
[12/10/2016 23:22:47] /a 2
[12/10/2016 23:22:49] /a 2
[12/10/2016 23:22:49] /a 2
[12/10/2016 23:22:49] /a 2
[12/10/2016 23:22:50] /a 2
[12/10/2016 23:22:50] /a 2
[12/10/2016 23:22:50] /a 2
[12/10/2016 23:22:50] /a 2
[12/10/2016 23:22:50] /a 2
[12/10/2016 23:22:50] /a 2
[12/10/2016 23:22:50] /a 2
[12/10/2016 23:22:50] /a 2
[12/10/2016 23:22:50] /a 2
[12/10/2016 23:22:50] /a 2
[12/10/2016 23:22:50] /a 2
[12/10/2016 23:22:50] /a 2
[12/10/2016 23:22:50] /a 2
[12/10/2016 23:22:51] /a 2
[12/10/2016 23:22:53] /a 2
[12/10/2016 23:22:53] /a 2
[12/10/2016 23:22:53] /a 2
[12/10/2016 23:22:53] /a 2
[12/10/2016 23:22:53] /a 2
[12/10/2016 23:22:53] /a 2
[12/10/2016 23:22:53] /a 2
[12/10/2016 23:22:53] /a 2
[12/10/2016 23:22:53] /a 2
[12/10/2016 23:22:53] /a 2
[12/10/2016 23:22:53] /a 2
[12/10/2016 23:22:53] /a 2
[12/10/2016 23:22:53] /a 2
[12/10/2016 23:22:54] /a 2
[12/10/2016 23:22:54] /a 2
[12/10/2016 23:22:54] /a 2
[12/10/2016 23:22:54] /a 2
[12/10/2016 23:22:55] /a 2
[12/10/2016 23:23:3] /a 2
[12/10/2016 23:23:3] /a 2
[12/10/2016 23:23:3] /a 2
[12/10/2016 23:23:4] /a 2
[12/10/2016 23:23:37] /a 2
[12/10/2016 23:23:38] /a 2
[12/10/2016 23:23:38] /a 2
[12/10/2016 23:23:38] /a 2
[12/10/2016 23:23:38] /a 2
[12/10/2016 23:23:38] /a 2
[12/10/2016 23:23:39] /a 2
[12/10/2016 23:23:39] /a 2
[12/10/2016 23:23:39] /a 2
[12/10/2016 23:23:39] /a 2
[12/10/2016 23:23:40] /a 2
[12/10/2016 23:23:40] /a 2
[12/10/2016 23:24:2] /a 2
[12/10/2016 23:24:4] /a 2
[12/10/2016 23:24:5] /a 2
[12/10/2016 23:24:5] /a 2
[12/10/2016 23:24:6] /a 2
[12/10/2016 23:24:6] /a 2
[12/10/2016 23:24:9] /a 2
[12/10/2016 23:24:10] /a 2
[12/10/2016 23:24:13] /a 2
[12/10/2016 23:24:18] /a 2
[12/10/2016 23:24:19] /a 2
[12/10/2016 23:24:51] /a 2
[12/10/2016 23:24:51] /a 2
[12/10/2016 23:24:51] /a 2
[12/10/2016 23:24:52] /a 2
[12/10/2016 23:24:52] /a 2
[12/10/2016 23:24:52] /a 2
[12/10/2016 23:24:52] /a 2
[12/10/2016 23:24:52] /a 2
[12/10/2016 23:24:52] /a 2
[12/10/2016 23:24:53] /a 2
[12/10/2016 23:24:53] /a 2
[12/10/2016 23:25:9] /a 2
[12/10/2016 23:25:9] /a 2
[12/10/2016 23:25:9] /a 2
[12/10/2016 23:25:10] /a 2
[12/10/2016 23:25:10] /a 2
[12/10/2016 23:25:10] /a 2
[12/10/2016 23:25:10] /a 2
[12/10/2016 23:25:10] /a 2
[12/10/2016 23:25:10] /a 2
[12/10/2016 23:25:10] /a 2
[12/10/2016 23:25:10] /a 2
[12/10/2016 23:25:10] /a 2
[12/10/2016 23:25:10] /a 2
[12/10/2016 23:25:11] /a 2
[12/10/2016 23:25:11] /a 2
[12/10/2016 23:25:11] /a 2
[12/10/2016 23:25:11] /a 2
[12/10/2016 23:25:11] /a 2
[12/10/2016 23:25:12] /a 2
[12/10/2016 23:25:12] /a 2
[12/10/2016 23:25:12] /a 2
[12/10/2016 23:25:12] /a 2
[12/10/2016 23:25:12] /a 2
[12/10/2016 23:25:15] /a 2
[12/10/2016 23:25:15] /a 2
[12/10/2016 23:25:15] /a 2
[12/10/2016 23:25:15] /a 2
[12/10/2016 23:25:15] /a 2
[12/10/2016 23:25:16] /a 2
[12/10/2016 23:25:16] /a 2
[12/10/2016 23:25:16] /a 2
[12/10/2016 23:25:16] /a 2
[12/10/2016 23:25:16] /a 2
[12/10/2016 23:25:16] /a 2
[12/10/2016 23:25:16] /a 2
[12/10/2016 23:25:16] /a 2
[12/10/2016 23:25:16] /a 2
[12/10/2016 23:25:17] /a 2
[12/10/2016 23:25:17] /a 2
[12/10/2016 23:25:18] /a 2
[12/10/2016 23:25:18] /a 2
[12/10/2016 23:25:18] /a 2
[12/10/2016 23:25:18] /a 2
[12/10/2016 23:25:19] /a 2
[12/10/2016 23:25:19] /a 2
[12/10/2016 23:25:21] /a 2
[12/10/2016 23:25:21] /a 2
[12/10/2016 23:25:21] /a 2
[12/10/2016 23:25:22] /a 2
[12/10/2016 23:25:22] /a 2
[12/10/2016 23:25:22] /a 2
[12/10/2016 23:25:22] /a 2
[12/10/2016 23:25:22] /a 2
[12/10/2016 23:25:23] /a 2
[12/10/2016 23:25:23] /a 2
[12/10/2016 23:25:25] /a 2
[12/10/2016 23:25:27] /a 2
[12/10/2016 23:25:27] /a 2
[12/10/2016 23:25:27] /a 2
[12/10/2016 23:25:27] /a 2
[12/10/2016 23:25:28] /a 2
[12/10/2016 23:25:28] /a 2
[12/10/2016 23:25:28] /a 2
[12/10/2016 23:25:29] /a 2
[12/10/2016 23:25:29] /a 2
[12/10/2016 23:25:33] /a 2
[12/10/2016 23:25:33] /a 2
[12/10/2016 23:25:33] /a 2
[12/10/2016 23:25:33] /a 2
[12/10/2016 23:25:33] /a 2
[12/10/2016 23:25:33] /a 2
[12/10/2016 23:25:33] /a 2
[12/10/2016 23:25:33] /a 2
[12/10/2016 23:25:34] /a 2
[12/10/2016 23:25:34] /a 2
[12/10/2016 23:25:34] /a 2
[12/10/2016 23:25:34] /a 2
[12/10/2016 23:25:34] /a 2
[12/10/2016 23:25:34] /a 2
[12/10/2016 23:25:34] /a 2
[12/10/2016 23:25:34] /a 2
[12/10/2016 23:25:34] /a 2
[12/10/2016 23:25:34] /a 2
[12/10/2016 23:25:34] /a 2
[12/10/2016 23:25:34] /a 2
[12/10/2016 23:25:34] /a 2
[12/10/2016 23:25:34] /a 2
[12/10/2016 23:25:34] /a 2
[12/10/2016 23:25:34] /a 2
[12/10/2016 23:25:34] /a 2
[12/10/2016 23:25:35] /a 2
[12/10/2016 23:25:35] /a 2
[12/10/2016 23:25:35] /a 2
[12/10/2016 23:25:35] /a 2
[12/10/2016 23:25:35] /a 2
[12/10/2016 23:25:35] /a 2
[12/10/2016 23:25:35] /a 2
[12/10/2016 23:25:35] /a 2
[12/10/2016 23:25:35] /a 2
[12/10/2016 23:25:36] /a 2
[12/10/2016 23:25:36] /a 2
[12/10/2016 23:25:36] /a 2
[12/10/2016 23:25:36] /a 2
[12/10/2016 23:25:36] /a 2
[12/10/2016 23:26:6] /down
[12/10/2016 23:26:8] /up
[12/10/2016 23:26:9] /down
[12/10/2016 23:26:12] /a 2
[12/10/2016 23:26:12] /a 2
[12/10/2016 23:26:12] /a 2
[12/10/2016 23:26:12] /a 2
[12/10/2016 23:26:12] /a 2
[12/10/2016 23:26:12] /a 2
[12/10/2016 23:26:12] /a 2
[12/10/2016 23:26:12] /a 2
[12/10/2016 23:26:12] /a 2
[12/10/2016 23:26:12] /a 2
[12/10/2016 23:26:12] /a 2
[12/10/2016 23:26:12] /a 2
[12/10/2016 23:26:13] /a 2
[12/10/2016 23:26:13] /a 2
[12/10/2016 23:26:13] /a 2
[12/10/2016 23:26:13] /a 2
[12/10/2016 23:26:13] /a 2
[12/10/2016 23:26:13] /a 2
[12/10/2016 23:26:13] /a 2
[12/10/2016 23:26:14] /a 2
[12/10/2016 23:26:14] /a 2
[12/10/2016 23:26:14] /a 2
[12/10/2016 23:26:15] /a 2
[12/10/2016 23:26:15] /a 2
[12/10/2016 23:26:15] /a 2
[12/10/2016 23:26:15] /a 2
[12/10/2016 23:26:15] /a 2
[12/10/2016 23:26:15] /a 2
[12/10/2016 23:26:15] /a 2
[12/10/2016 23:26:16] /a 2
[12/10/2016 23:26:16] /a 2
[12/10/2016 23:26:16] /a 2
[12/10/2016 23:26:16] /a 2
[12/10/2016 23:26:17] /a 2
[12/10/2016 23:26:17] /a 2
[12/10/2016 23:26:17] /a 2
[12/10/2016 23:26:22] /a 2
[12/10/2016 23:26:22] /a 2
[12/10/2016 23:26:22] /a 2
[12/10/2016 23:26:22] /a 2
[12/10/2016 23:26:22] /a 2
[12/10/2016 23:26:22] /a 2
[12/10/2016 23:26:22] /a 2
[12/10/2016 23:26:22] /a 2
[12/10/2016 23:26:22] /a 2
[12/10/2016 23:26:22] /a 2
[12/10/2016 23:26:22] /a 2
[12/10/2016 23:26:22] /a 2
[12/10/2016 23:26:22] /a 2
[12/10/2016 23:26:22] /a 2
[12/10/2016 23:26:23] /a 2
[12/10/2016 23:26:23] /a 2
[12/10/2016 23:26:23] /a 2
[12/10/2016 23:26:23] /a 2
[12/10/2016 23:26:24] /a 2
[12/10/2016 23:26:24] /a 2
[12/10/2016 23:26:24] /a 2
[12/10/2016 23:26:24] /a 2
[12/10/2016 23:26:34] /a 2
[12/10/2016 23:26:34] /a 2
[12/10/2016 23:26:35] /a 2
[12/10/2016 23:26:35] /a 2
[12/10/2016 23:26:35] /a 2
[12/10/2016 23:26:35] /a 2
[12/10/2016 23:26:35] /a 2
[12/10/2016 23:26:36] /a 2
[12/10/2016 23:26:36] /a 2
[12/10/2016 23:26:36] /a 2
[12/10/2016 23:26:36] /a 2
[12/10/2016 23:26:36] /a 2
[12/10/2016 23:26:36] /a 2
[12/10/2016 23:26:38] /a 2
[12/10/2016 23:27:6] /a 2
[12/10/2016 23:27:6] /a 2
[12/10/2016 23:27:6] /a 2
[12/10/2016 23:27:6] /a 2
[12/10/2016 23:27:6] /a 2
[12/10/2016 23:27:6] /a 2
[12/10/2016 23:27:6] /a 2
[12/10/2016 23:27:7] /a 2
[12/10/2016 23:27:7] /a 2
[12/10/2016 23:27:7] /a 2
[12/10/2016 23:27:7] /a 2
[12/10/2016 23:27:8] /a 2
[12/10/2016 23:27:11] /a 2
[12/10/2016 23:27:11] /a 2
[12/10/2016 23:27:11] /a 2
[12/10/2016 23:27:11] /a 2
[12/10/2016 23:27:11] /a 2
[12/10/2016 23:27:11] /a 2
[12/10/2016 23:27:12] /a 2
[12/10/2016 23:27:12] /a 2
[12/10/2016 23:27:12] /a 2
[12/10/2016 23:27:12] /a 2
[12/10/2016 23:27:12] /a 2
[12/10/2016 23:27:13] /a 2
[12/10/2016 23:27:13] /a 2
[12/10/2016 23:27:13] /a 2
[12/10/2016 23:27:15] /a 2
[12/10/2016 23:27:17] /a 2
[12/10/2016 23:27:17] /a 2
[12/10/2016 23:27:17] /a 2
[12/10/2016 23:27:17] /a 2
[12/10/2016 23:27:17] /a 2
[12/10/2016 23:27:17] /a 2
[12/10/2016 23:27:17] /a 2
[12/10/2016 23:27:18] /a 2
[12/10/2016 23:27:18] /a 2
[12/10/2016 23:27:20] /a 2
[12/10/2016 23:27:20] /a 2
[12/10/2016 23:27:20] /a 2
[12/10/2016 23:27:21] /a 2
[12/10/2016 23:27:21] /a 2
[12/10/2016 23:28:24] /i scroll of heroic deeds
[12/10/2016 23:28:45] /a 2
[12/10/2016 23:28:45] /a 2
[12/10/2016 23:28:45] /a 2
[12/10/2016 23:28:45] /a 2
[12/10/2016 23:28:45] /a 2
[12/10/2016 23:28:45] /a 2
[12/10/2016 23:28:45] /a 2
[12/10/2016 23:28:45] /a 2
[12/10/2016 23:28:45] /a 2
[12/10/2016 23:28:45] /a 2
[12/10/2016 23:28:45] /a 2
[12/10/2016 23:28:46] /a 2
[12/10/2016 23:28:46] /a 2
[12/10/2016 23:28:46] /a 2
[12/10/2016 23:28:46] /a 2
[12/10/2016 23:28:46] /a 2
[12/10/2016 23:28:46] /a 2
[12/10/2016 23:28:46] /a 2
[12/10/2016 23:28:46] /a 2
[12/10/2016 23:28:46] /a 2
[12/10/2016 23:28:46] /a 2
[12/10/2016 23:28:46] /a 2
[12/10/2016 23:28:46] /a 2
[12/10/2016 23:28:46] /a 2
[12/10/2016 23:28:46] /a 2
[12/10/2016 23:28:46] /a 2
[12/10/2016 23:28:47] /a 2
[12/10/2016 23:28:47] /a 2
[12/10/2016 23:28:47] /a 2
[12/10/2016 23:28:47] /a 2
[12/10/2016 23:28:47] /a 2
[12/10/2016 23:28:47] /a 2
[12/10/2016 23:28:47] /a 2
[12/10/2016 23:28:47] /a 2
[12/10/2016 23:28:47] /a 2
[12/10/2016 23:28:47] /a 2
[12/10/2016 23:28:47] /a 2
[12/10/2016 23:28:48] /a 2
[12/10/2016 23:28:48] /a 2
[12/10/2016 23:28:48] /a 2
[12/10/2016 23:28:48] /a 2
[12/10/2016 23:28:48] /a 2
[12/10/2016 23:28:48] /a 2
[12/10/2016 23:28:48] /a 2
[12/10/2016 23:28:48] /a 2
[12/10/2016 23:28:48] /a 2
[12/10/2016 23:28:48] /a 2
[12/10/2016 23:28:48] /a 2
[12/10/2016 23:28:48] /a 2
[12/10/2016 23:28:48] /a 2
[12/10/2016 23:28:48] /a 2
[12/10/2016 23:28:48] /a 2
[12/10/2016 23:28:48] /a 2
[12/10/2016 23:28:48] /a 2
[12/10/2016 23:28:49] /a 2
[12/10/2016 23:28:49] /a 2
[12/10/2016 23:28:49] /a 2
[12/10/2016 23:28:49] /a 2
[12/10/2016 23:28:49] /a 2
[12/10/2016 23:28:49] /a 2
[12/10/2016 23:28:49] /a 2
[12/10/2016 23:28:49] /a 2
[12/10/2016 23:28:49] /a 2
[12/10/2016 23:28:49] /a 2
[12/10/2016 23:28:49] /a 2
[12/10/2016 23:28:49] /a 2
[12/10/2016 23:28:49] /a 2
[12/10/2016 23:28:49] /a 2
[12/10/2016 23:28:49] /a 2
[12/10/2016 23:28:49] /a 2
[12/10/2016 23:28:49] /a 2
[12/10/2016 23:28:49] /a 2
[12/10/2016 23:28:50] /a 2
[12/10/2016 23:28:50] /a 2
[12/10/2016 23:28:50] /a 2
[12/10/2016 23:28:50] /a 2
[12/10/2016 23:28:50] /a 2
[12/10/2016 23:28:50] /a 2
[12/10/2016 23:28:50] /a 2
[12/10/2016 23:28:50] /a 2
[12/10/2016 23:28:51] /a 2
[12/10/2016 23:28:51] /a 2
[12/10/2016 23:28:51] /a 2
[12/10/2016 23:28:51] /a 2
[12/10/2016 23:28:51] /a 2
[12/10/2016 23:28:51] /a 2
[12/10/2016 23:28:51] /a 2
[12/10/2016 23:28:51] /a 2
[12/10/2016 23:28:51] /a 2
[12/10/2016 23:28:51] /a 2
[12/10/2016 23:28:52] /a 2
[12/10/2016 23:28:52] /a 2
[12/10/2016 23:28:52] /a 2
[12/10/2016 23:28:52] /a 2
[12/10/2016 23:28:52] /a 2
[12/10/2016 23:28:52] /a 2
[12/10/2016 23:28:53] /a 2
[12/10/2016 23:28:53] /a 2
[12/10/2016 23:28:53] /a 2
[12/10/2016 23:28:53] /a 2
[12/10/2016 23:28:53] /a 2
[12/10/2016 23:28:53] /a 2
[12/10/2016 23:28:53] /a 2
[12/10/2016 23:28:53] /a 2
[12/10/2016 23:28:56] /a 2
[12/10/2016 23:28:56] /a 2
[12/10/2016 23:28:56] /a 2
[12/10/2016 23:28:56] /a 2
[12/10/2016 23:28:57] /a 2
[12/10/2016 23:28:57] /a 2
[12/10/2016 23:28:57] /a 2
[12/10/2016 23:28:57] /a 2
[12/10/2016 23:28:57] /a 2
[12/10/2016 23:28:57] /a 2
[12/10/2016 23:28:57] /a 2
[12/10/2016 23:28:58] /a 2
[12/10/2016 23:28:58] /a 2
[12/10/2016 23:28:59] /a 2
[12/10/2016 23:28:59] /a 2
[12/10/2016 23:28:59] /a 2
[12/10/2016 23:28:59] /a 2
[12/10/2016 23:29:2] /up
[12/10/2016 23:29:5] /a 2
[12/10/2016 23:29:5] /a 2
[12/10/2016 23:29:5] /a 2
[12/10/2016 23:29:5] /a 2
[12/10/2016 23:29:6] /a 2
[12/10/2016 23:29:6] /a 2
[12/10/2016 23:29:6] /a 2
[12/10/2016 23:29:6] /a 2
[12/10/2016 23:29:6] /a 2
[12/10/2016 23:29:6] /a 2
[12/10/2016 23:29:6] /a 2
[12/10/2016 23:29:7] /a 2
[12/10/2016 23:29:19] /a 2
[12/10/2016 23:29:20] /a 2
[12/10/2016 23:29:20] /a 2
[12/10/2016 23:29:20] /a 2
[12/10/2016 23:29:20] /a 2
[12/10/2016 23:29:20] /a 2
[12/10/2016 23:29:20] /a 2
[12/10/2016 23:29:20] /a 2
[12/10/2016 23:29:20] /a 2
[12/10/2016 23:29:20] /a 2
[12/10/2016 23:29:20] /a 2
[12/10/2016 23:29:20] /a 2
[12/10/2016 23:29:20] /a 2
[12/10/2016 23:29:20] /a 2
[12/10/2016 23:29:20] /a 2
[12/10/2016 23:29:20] /a 2
[12/10/2016 23:29:20] /a 2
[12/10/2016 23:29:20] /a 2
[12/10/2016 23:29:20] /a 2
[12/10/2016 23:29:20] /a 2
[12/10/2016 23:29:20] /a 2
[12/10/2016 23:29:20] /a 2
[12/10/2016 23:29:20] /a 2
[12/10/2016 23:29:21] /a 2
[12/10/2016 23:29:21] /a 2
[12/10/2016 23:29:21] /a 2
[12/10/2016 23:29:21] /a 2
[12/10/2016 23:29:21] /a 2
[12/10/2016 23:29:21] /a 2
[12/10/2016 23:29:21] /a 2
[12/10/2016 23:29:22] /a 2
[12/10/2016 23:29:22] /a 2
[12/10/2016 23:29:22] /a 2
[12/10/2016 23:29:22] /a 2
[12/10/2016 23:29:22] /a 2
[12/10/2016 23:29:23] /a 2
[12/10/2016 23:29:23] /a 2
[12/10/2016 23:29:24] /a 2
[12/10/2016 23:29:24] /a 2
[12/10/2016 23:29:25] /a 2
[12/10/2016 23:29:25] /a 2
[12/10/2016 23:29:25] /a 2
[12/10/2016 23:29:25] /a 2
[12/10/2016 23:29:25] /a 2
[12/10/2016 23:29:25] /a 2
[12/10/2016 23:29:25] /a 2
[12/10/2016 23:29:25] /a 2
[12/10/2016 23:29:25] /a 2
[12/10/2016 23:29:25] /a 2
[12/10/2016 23:29:25] /a 2
[12/10/2016 23:29:25] /a 2
[12/10/2016 23:29:25] /a 2
[12/10/2016 23:29:25] /a 2
[12/10/2016 23:29:25] /a 2
[12/10/2016 23:29:25] /a 2
[12/10/2016 23:29:25] /a 2
[12/10/2016 23:29:26] /a 2
[12/10/2016 23:29:26] /a 2
[12/10/2016 23:29:26] /a 2
[12/10/2016 23:29:26] /a 2
[12/10/2016 23:29:26] /a 2
[12/10/2016 23:29:26] /a 2
[12/10/2016 23:29:28] /a 2
[12/10/2016 23:29:28] /a 2
[12/10/2016 23:29:28] /a 2
[12/10/2016 23:29:28] /a 2
[12/10/2016 23:29:28] /a 2
[12/10/2016 23:29:28] /a 2
[12/10/2016 23:29:28] /a 2
[12/10/2016 23:29:29] /a 2
[12/10/2016 23:29:31] /a 2
[12/10/2016 23:29:32] /a 2
[12/10/2016 23:29:32] /a 2
[12/10/2016 23:29:32] /a 2
[12/10/2016 23:29:32] /a 2
[12/10/2016 23:29:53] /a 2
[12/10/2016 23:29:53] /a 2
[12/10/2016 23:29:53] /a 2
[12/10/2016 23:29:53] /a 2
[12/10/2016 23:29:53] /a 2
[12/10/2016 23:29:53] /a 2
[12/10/2016 23:29:53] /a 2
[12/10/2016 23:29:53] /a 2
[12/10/2016 23:29:53] /a 2
[12/10/2016 23:29:53] /a 2
[12/10/2016 23:29:53] /a 2
[12/10/2016 23:29:53] /a 2
[12/10/2016 23:29:53] /a 2
[12/10/2016 23:29:53] /a 2
[12/10/2016 23:29:53] /a 2
[12/10/2016 23:29:54] /a 2
[12/10/2016 23:29:54] /a 2
[12/10/2016 23:29:54] /a 2
[12/10/2016 23:29:54] /a 2
[12/10/2016 23:29:54] /a 2
[12/10/2016 23:29:54] /a 2
[12/10/2016 23:29:54] /a 2
[12/10/2016 23:29:54] /a 2
[12/10/2016 23:29:54] /a 2
[12/10/2016 23:29:54] /a 2
[12/10/2016 23:29:54] /a 2
[12/10/2016 23:29:54] /a 2
[12/10/2016 23:29:54] /a 2
[12/10/2016 23:29:54] /a 2
[12/10/2016 23:29:55] /a 2
[12/10/2016 23:29:55] /a 2
[12/10/2016 23:29:55] /a 2
[12/10/2016 23:29:56] /a 2
[12/10/2016 23:29:56] /a 2
[12/10/2016 23:29:56] /a 2
[12/10/2016 23:29:56] /a 2
[12/10/2016 23:29:56] /a 2
[12/10/2016 23:29:56] /a 2
[12/10/2016 23:29:56] /a 2
[12/10/2016 23:29:58] /a 2
[12/10/2016 23:29:58] /a 2
[12/10/2016 23:29:58] /a 2
[12/10/2016 23:29:58] /a 2
[12/10/2016 23:29:58] /a 2
[12/10/2016 23:29:58] /a 2
[12/10/2016 23:29:58] /a 2
[12/10/2016 23:29:58] /a 2
[12/10/2016 23:29:58] /a 2
[12/10/2016 23:29:58] /a 2
[12/10/2016 23:29:58] /a 2
[12/10/2016 23:29:58] /a 2
[12/10/2016 23:29:58] /a 2
[12/10/2016 23:29:58] /a 2
[12/10/2016 23:29:58] /a 2
[12/10/2016 23:29:58] /a 2
[12/10/2016 23:29:58] /a 2
[12/10/2016 23:29:59] /a 2
[12/10/2016 23:29:59] /a 2
[12/10/2016 23:29:59] /a 2
[12/10/2016 23:29:59] /a 2
[12/10/2016 23:30:0] /a 2
[12/10/2016 23:30:1] /a 2
[12/10/2016 23:30:1] /a 2
[12/10/2016 23:30:1] /a 2
[12/10/2016 23:30:1] /a 2
[12/10/2016 23:30:1] /a 2
[12/10/2016 23:30:2] /a 2
[12/10/2016 23:30:2] /a 2
[12/10/2016 23:30:3] /a 2
[12/10/2016 23:30:3] /a 2
[12/10/2016 23:30:3] /a 2
[12/10/2016 23:30:3] /a 2
[12/10/2016 23:30:3] /a 2
[12/10/2016 23:30:20] /c knight test
[12/10/2016 23:30:28] /c solido
[12/10/2016 23:31:22] /m ushuriel
[12/10/2016 23:37:58] /r
[12/10/2016 23:37:59] /r
[12/10/2016 23:38:2] /m ushuriel
[12/10/2016 23:38:9] /m ushuriel
[12/10/2016 23:38:12] /m ushuriel
[12/10/2016 23:38:13] /m ushuriel
[12/10/2016 23:38:13] /m ushuriel
[12/10/2016 23:38:14] /m ushuriel
[12/10/2016 23:38:14] /m ushuriel
[12/10/2016 23:38:15] /m ushuriel
[12/10/2016 23:38:15] /m ushuriel
[12/10/2016 23:38:16] /m ushuriel
[12/10/2016 23:40:11] /a 2
[12/10/2016 23:40:11] /a 2
[12/10/2016 23:40:11] /a 2
[12/10/2016 23:40:11] /a 2
[12/10/2016 23:40:11] /a 2
[12/10/2016 23:40:12] /a 2
[12/10/2016 23:40:12] /a 2
[12/10/2016 23:40:12] /a 2
[12/10/2016 23:40:15] /a 2
[12/10/2016 23:40:16] /a 2
[12/10/2016 23:40:16] /a 2
[12/10/2016 23:40:48] /a 2
[12/10/2016 23:43:4] /i  bow
[12/10/2016 23:44:58] /i crystalline arrow
[12/10/2016 23:46:13] /a 2
[12/10/2016 23:46:13] /a 2
[12/10/2016 23:46:13] /a 2
[12/10/2016 23:46:14] /a 2
[12/10/2016 23:46:14] /a 2
[12/10/2016 23:46:14] /a 2
[12/10/2016 23:46:14] /a 2
[12/10/2016 23:46:14] /a 2
[12/10/2016 23:46:14] /a 2
[12/10/2016 23:46:14] /a 2
[12/10/2016 23:46:14] /a 2
[12/10/2016 23:46:15] /a 2
[12/10/2016 23:46:15] /a 2
[12/10/2016 23:46:15] /a 2
[12/10/2016 23:46:15] /a 2
[12/10/2016 23:46:15] /a 2
[12/10/2016 23:46:15] /a 2
[12/10/2016 23:46:16] /a 2
[12/10/2016 23:46:16] /a 2
[12/10/2016 23:46:17] /a 2
[12/10/2016 23:46:17] /a 2
[12/10/2016 23:46:17] /a 2
[12/10/2016 23:46:17] /a 2
[12/10/2016 23:46:17] /a 2
[12/10/2016 23:46:31] /a 2
[12/10/2016 23:46:31] /a 2
[12/10/2016 23:46:31] /a 2
[12/10/2016 23:46:31] /a 2
[12/10/2016 23:46:31] /a 2
[12/10/2016 23:46:35] /a 2
[12/10/2016 23:46:36] /a 2
[12/10/2016 23:46:36] /a 2
[12/10/2016 23:46:36] /a 2
[12/10/2016 23:46:36] /a 2
[12/10/2016 23:46:36] /a 2
[12/10/2016 23:46:36] /a 2
[12/10/2016 23:46:36] /a 2
[12/10/2016 23:46:36] /a 2
[12/10/2016 23:46:37] /a 2
[12/10/2016 23:46:37] /a 2
[12/10/2016 23:46:38] /a 2
[12/10/2016 23:46:38] /a 2
[12/10/2016 23:46:40] /a 2
[12/10/2016 23:46:40] /a 2
[12/10/2016 23:46:40] /a 2
[12/10/2016 23:46:40] /a 2
[12/10/2016 23:46:41] /a 2
[12/10/2016 23:46:42] /a 2
[12/10/2016 23:46:42] /a 2
[12/10/2016 23:46:42] /a 2
[12/10/2016 23:46:42] /a 2
[12/10/2016 23:46:42] /a 2
[12/10/2016 23:46:43] /a 2
[12/10/2016 23:46:44] /a 2
[12/10/2016 23:46:44] /a 2
[12/10/2016 23:46:44] /a 2
[12/10/2016 23:46:45] /a 2
[12/10/2016 23:46:45] /a 2
[12/10/2016 23:46:46] /a 2
[12/10/2016 23:46:46] /a 2
[12/10/2016 23:46:47] /a 2
[12/10/2016 23:46:47] /a 2
[12/10/2016 23:46:47] /a 2
[12/10/2016 23:46:48] /a 2
[12/10/2016 23:46:48] /a 2
[12/10/2016 23:46:48] /a 2
[12/10/2016 23:46:48] /a 2
[12/10/2016 23:46:48] /a 2
[12/10/2016 23:46:49] /a 2
[12/10/2016 23:46:49] /a 2
[12/10/2016 23:46:49] /a 2
[12/10/2016 23:46:49] /a 2
[12/10/2016 23:46:49] /a 2
[12/10/2016 23:46:49] /a 2
[12/10/2016 23:46:49] /a 2
[12/10/2016 23:46:49] /a 2
[12/10/2016 23:46:49] /a 2
[12/10/2016 23:46:49] /a 2
[12/10/2016 23:46:49] /a 2
[12/10/2016 23:46:50] /a 2
[12/10/2016 23:46:50] /a 2
[12/10/2016 23:46:52] /a 2
[12/10/2016 23:46:52] /a 2
[12/10/2016 23:46:52] /a 2
[12/10/2016 23:46:52] /a 2
[12/10/2016 23:46:52] /a 2
[12/10/2016 23:46:52] /a 2
[12/10/2016 23:46:52] /a 2
[12/10/2016 23:46:52] /a 2
[12/10/2016 23:46:52] /a 2
[12/10/2016 23:46:53] /a 2
[12/10/2016 23:46:54] /a 2
[12/10/2016 23:46:54] /a 2
[12/10/2016 23:46:55] /a 2
[12/10/2016 23:46:55] /a 2
[12/10/2016 23:46:55] /a 2
[12/10/2016 23:46:55] /a 2
[12/10/2016 23:46:55] /a 2
[12/10/2016 23:46:56] /a 2
[12/10/2016 23:46:56] /a 2
[12/10/2016 23:46:56] /a 2
[12/10/2016 23:46:56] /a 2
[12/10/2016 23:46:56] /a 2
[12/10/2016 23:46:56] /a 2
[12/10/2016 23:46:56] /a 2
[12/10/2016 23:46:56] /a 2
[12/10/2016 23:46:56] /a 2
[12/10/2016 23:46:56] /a 2
[12/10/2016 23:46:56] /a 2
[12/10/2016 23:46:56] /a 2
[12/10/2016 23:46:57] /a 2
[12/10/2016 23:46:58] /a 2
[12/10/2016 23:46:58] /a 2
[12/10/2016 23:46:58] /a 2
[12/10/2016 23:46:59] /a 2
[12/10/2016 23:46:59] /a 2
[12/10/2016 23:47:0] /a 2
[12/10/2016 23:47:1] /a 2
[12/10/2016 23:47:1] /a 2
[12/10/2016 23:47:1] /a 2
[12/10/2016 23:47:1] /a 2
[12/10/2016 23:47:1] /a 2
[12/10/2016 23:47:1] /a 2
[12/10/2016 23:47:1] /a 2
[12/10/2016 23:47:2] /a 2
[12/10/2016 23:47:2] /a 2
[12/10/2016 23:47:2] /a 2
[12/10/2016 23:47:3] /a 2
[12/10/2016 23:47:3] /a 2
[12/10/2016 23:47:3] /a 2
[12/10/2016 23:47:3] /a 2
[12/10/2016 23:47:3] /a 2
[12/10/2016 23:47:4] /a 2
[12/10/2016 23:47:4] /a 2
[12/10/2016 23:47:4] /a 2
[12/10/2016 23:47:4] /a 2
[12/10/2016 23:47:5] /a 2
[12/10/2016 23:47:5] /a 2
[12/10/2016 23:47:5] /a 2
[12/10/2016 23:47:5] /a 2
[12/10/2016 23:47:11] /a 2
[12/10/2016 23:47:12] /a 2
[12/10/2016 23:47:12] /a 2
[12/10/2016 23:47:12] /a 2
[12/10/2016 23:47:12] /a 2
[12/10/2016 23:47:12] /a 2
[12/10/2016 23:47:12] /a 2
[12/10/2016 23:47:13] /a 2
[12/10/2016 23:47:13] /a 2
[12/10/2016 23:47:13] /a 2
[12/10/2016 23:47:13] /a 2
[12/10/2016 23:47:14] /a 2
[12/10/2016 23:47:14] /a 2
[12/10/2016 23:47:14] /a 2
[12/10/2016 23:47:16] /a 2
[12/10/2016 23:47:16] /a 2
[12/10/2016 23:47:16] /a 2
[12/10/2016 23:47:16] /a 2
[12/10/2016 23:47:16] /a 2
[12/10/2016 23:47:16] /a 2
[12/10/2016 23:47:16] /a 2
[12/10/2016 23:47:16] /a 2
[12/10/2016 23:47:16] /a 2
[12/10/2016 23:47:16] /a 2
[12/10/2016 23:47:16] /a 2
[12/10/2016 23:47:16] /a 2
[12/10/2016 23:47:17] /a 2
[12/10/2016 23:47:17] /a 2
[12/10/2016 23:47:17] /a 2
[12/10/2016 23:47:17] /a 2
[12/10/2016 23:47:17] /a 2
[12/10/2016 23:47:17] /a 2
[12/10/2016 23:47:18] /a 2
[12/10/2016 23:47:18] /a 2
[12/10/2016 23:47:18] /a 2
[12/10/2016 23:47:18] /a 2
[12/10/2016 23:47:18] /a 2
[12/10/2016 23:47:18] /a 2
[12/10/2016 23:47:18] /a 2
[12/10/2016 23:47:18] /a 2
[12/10/2016 23:47:18] /a 2
[12/10/2016 23:47:18] /a 2
[12/10/2016 23:47:18] /a 2
[12/10/2016 23:47:19] /a 2
[12/10/2016 23:47:19] /a 2
[12/10/2016 23:47:19] /a 2
[12/10/2016 23:47:19] /a 2
[12/10/2016 23:47:19] /a 2
[12/10/2016 23:47:19] /a 2
[12/10/2016 23:47:19] /a 2
[12/10/2016 23:47:19] /a 2
[12/10/2016 23:47:19] /a 2
[12/10/2016 23:47:19] /a 2
[12/10/2016 23:47:19] /a 2
[12/10/2016 23:47:20] /a 2
[12/10/2016 23:47:20] /a 2
[12/10/2016 23:47:20] /a 2
[12/10/2016 23:47:20] /a 2
[12/10/2016 23:47:22] /a 2
[12/10/2016 23:47:22] /a 2
[12/10/2016 23:47:22] /a 2
[12/10/2016 23:47:36] /up
[12/10/2016 23:47:37] /up
[12/10/2016 23:47:38] /a 2
[12/10/2016 23:47:39] /a 2
[12/10/2016 23:47:39] /a 2
[12/10/2016 23:47:39] /a 2
[12/10/2016 23:47:43] /a 2
[12/10/2016 23:47:43] /a 2
[12/10/2016 23:47:43] /a 2
[12/10/2016 23:47:43] /a 2
[12/10/2016 23:47:43] /a 2
[12/10/2016 23:47:43] /a 2
[12/10/2016 23:47:43] /a 2
[12/10/2016 23:47:44] /a 2
[12/10/2016 23:47:44] /a 2
[12/10/2016 23:47:44] /a 2
[12/10/2016 23:47:44] /a 2
[12/10/2016 23:47:44] /a 2
[12/10/2016 23:47:45] /a 2
[12/10/2016 23:47:45] /a 2
[12/10/2016 23:47:45] /a 2
[12/10/2016 23:47:45] /a 2
[12/10/2016 23:47:45] /a 2
[12/10/2016 23:47:45] /a 2
[12/10/2016 23:47:45] /a 2
[12/10/2016 23:47:45] /a 2
[12/10/2016 23:47:46] /a 2
[12/10/2016 23:47:46] /a 2
[12/10/2016 23:47:46] /a 2
[12/10/2016 23:47:46] /a 2
[12/10/2016 23:47:47] /a 2
[12/10/2016 23:47:47] /a 2
[12/10/2016 23:47:47] /a 2
[12/10/2016 23:47:47] /a 2
[12/10/2016 23:47:47] /a 2
[12/10/2016 23:47:48] /a 2
[12/10/2016 23:47:48] /a 2
[12/10/2016 23:47:48] /a 2
[12/10/2016 23:47:48] /a 2
[12/10/2016 23:47:54] /a 2
[12/10/2016 23:47:55] /a 2
[12/10/2016 23:47:55] /a 2
[12/10/2016 23:47:55] /a 2
[12/10/2016 23:47:55] /a 2
[12/10/2016 23:47:55] /a 2
[12/10/2016 23:47:55] /a 2
[12/10/2016 23:47:55] /a 2
[12/10/2016 23:47:55] /a 2
[12/10/2016 23:47:55] /a 2
[12/10/2016 23:47:55] /a 2
[12/10/2016 23:47:55] /a 2
[12/10/2016 23:47:55] /a 2
[12/10/2016 23:47:55] /a 2
[12/10/2016 23:47:55] /a 2
[12/10/2016 23:47:55] /a 2
[12/10/2016 23:47:55] /a 2
[12/10/2016 23:47:55] /a 2
[12/10/2016 23:47:55] /a 2
[12/10/2016 23:47:55] /a 2
[12/10/2016 23:47:55] /a 2
[12/10/2016 23:47:55] /a 2
[12/10/2016 23:47:55] /a 2
[12/10/2016 23:47:55] /a 2
[12/10/2016 23:47:55] /a 2
[12/10/2016 23:47:56] /a 2
[12/10/2016 23:47:56] /a 2
[12/10/2016 23:47:56] /a 2
[12/10/2016 23:47:56] /a 2
[12/10/2016 23:47:56] /a 2
[12/10/2016 23:47:56] /a 2
[12/10/2016 23:47:56] /a 2
[12/10/2016 23:47:56] /a 2
[12/10/2016 23:47:56] /a 2
[12/10/2016 23:47:56] /a 2
[12/10/2016 23:47:57] /a 2
[12/10/2016 23:47:57] /a 2
[12/10/2016 23:47:57] /a 2
[12/10/2016 23:47:57] /a 2
[12/10/2016 23:47:57] /a 2
[12/10/2016 23:47:57] /a 2
[12/10/2016 23:47:58] /a 2
[12/10/2016 23:47:58] /a 2
[12/10/2016 23:47:58] /a 2
[12/10/2016 23:47:58] /a 2
[12/10/2016 23:48:7] /a 2
[12/10/2016 23:48:7] /a 2
[12/10/2016 23:48:7] /a 2
[12/10/2016 23:48:7] /a 2
[12/10/2016 23:48:7] /a 2
[12/10/2016 23:48:7] /a 2
[12/10/2016 23:48:7] /a 2
[12/10/2016 23:48:7] /a 2
[12/10/2016 23:48:7] /a 2
[12/10/2016 23:48:7] /a 2
[12/10/2016 23:48:7] /a 2
[12/10/2016 23:48:7] /a 2
[12/10/2016 23:48:7] /a 2
[12/10/2016 23:48:7] /a 2
[12/10/2016 23:48:7] /a 2
[12/10/2016 23:48:7] /a 2
[12/10/2016 23:48:7] /a 2
[12/10/2016 23:48:7] /a 2
[12/10/2016 23:48:7] /a 2
[12/10/2016 23:48:7] /a 2
[12/10/2016 23:48:8] /a 2
[12/10/2016 23:48:8] /a 2
[12/10/2016 23:48:8] /a 2
[12/10/2016 23:48:8] /a 2
[12/10/2016 23:48:8] /a 2
[12/10/2016 23:48:8] /a 2
[12/10/2016 23:48:8] /a 2
[12/10/2016 23:48:8] /a 2
[12/10/2016 23:48:8] /a 2
[12/10/2016 23:48:8] /a 2
[12/10/2016 23:48:8] /a 2
[12/10/2016 23:48:8] /a 2
[12/10/2016 23:48:8] /a 2
[12/10/2016 23:48:8] /a 2
[12/10/2016 23:48:8] /a 2
[12/10/2016 23:48:8] /a 2
[12/10/2016 23:48:8] /a 2
[12/10/2016 23:48:8] /a 2
[12/10/2016 23:48:8] /a 2
[12/10/2016 23:48:8] /a 2
[12/10/2016 23:48:8] /a 2
[12/10/2016 23:48:8] /a 2
[12/10/2016 23:48:9] /a 2
[12/10/2016 23:48:10] /a 2
[12/10/2016 23:48:10] /a 2
[12/10/2016 23:48:19] /a 2
[12/10/2016 23:48:19] /a 2
[12/10/2016 23:48:19] /a 2
[12/10/2016 23:48:19] /a 2
[12/10/2016 23:48:19] /a 2
[12/10/2016 23:48:19] /a 2
[12/10/2016 23:48:19] /a 2
[12/10/2016 23:48:19] /a 2
[12/10/2016 23:48:19] /a 2
[12/10/2016 23:48:19] /a 2
[12/10/2016 23:48:19] /a 2
[12/10/2016 23:48:19] /a 2
[12/10/2016 23:48:21] /a 2
[12/10/2016 23:48:22] /a 2
[12/10/2016 23:48:22] /a 2
[12/10/2016 23:48:22] /a 2
[12/10/2016 23:48:22] /a 2
[12/10/2016 23:48:22] /a 2
[12/10/2016 23:48:22] /a 2
[12/10/2016 23:48:22] /a 2
[12/10/2016 23:48:22] /a 2
[12/10/2016 23:48:22] /a 2
[12/10/2016 23:48:22] /a 2
[12/10/2016 23:48:22] /a 2
[12/10/2016 23:48:24] /a 2
[12/10/2016 23:48:24] /a 2
[12/10/2016 23:48:24] /a 2
[12/10/2016 23:48:24] /a 2
[12/10/2016 23:48:24] /a 2
[12/10/2016 23:48:24] /a 2
[12/10/2016 23:48:24] /a 2
[12/10/2016 23:48:24] /a 2
[12/10/2016 23:48:24] /a 2
[12/10/2016 23:48:24] /a 2
[12/10/2016 23:48:24] /a 2
[12/10/2016 23:48:25] /a 2
[12/10/2016 23:48:25] /a 2
[12/10/2016 23:48:25] /a 2
[12/10/2016 23:48:25] /a 2
[12/10/2016 23:48:25] /a 2
[12/10/2016 23:48:25] /a 2
[12/10/2016 23:48:25] /a 2
[12/10/2016 23:48:25] /a 2
[12/10/2016 23:48:25] /a 2
[12/10/2016 23:48:25] /a 2
[12/10/2016 23:48:26] /a 2
[12/10/2016 23:48:26] /a 2
[12/10/2016 23:48:26] /a 2
[12/10/2016 23:48:26] /a 2
[12/10/2016 23:48:26] /a 2
[12/10/2016 23:48:26] /a 2
[12/10/2016 23:48:26] /a 2
[12/10/2016 23:48:26] /a 2
[12/10/2016 23:48:26] /a 2
[12/10/2016 23:48:34] /a 2
[12/10/2016 23:48:34] /a 2
[12/10/2016 23:48:34] /a 2
[12/10/2016 23:48:34] /a 2
[12/10/2016 23:48:34] /a 2
[12/10/2016 23:48:34] /a 2
[12/10/2016 23:48:34] /a 2
[12/10/2016 23:48:34] /a 2
[12/10/2016 23:48:34] /a 2
[12/10/2016 23:48:34] /a 2
[12/10/2016 23:48:34] /a 2
[12/10/2016 23:48:34] /a 2
[12/10/2016 23:48:34] /a 2
[12/10/2016 23:48:34] /a 2
[12/10/2016 23:48:34] /a 2
[12/10/2016 23:48:34] /a 2
[12/10/2016 23:48:34] /a 2
[12/10/2016 23:48:35] /a 2
[12/10/2016 23:48:35] /a 2
[12/10/2016 23:48:35] /a 2
[12/10/2016 23:48:35] /a 2
[12/10/2016 23:48:35] /a 2
[12/10/2016 23:48:35] /a 2
[12/10/2016 23:48:35] /a 2
[12/10/2016 23:48:35] /a 2
[12/10/2016 23:48:35] /a 2
[12/10/2016 23:48:35] /a 2
[12/10/2016 23:48:35] /a 2
[12/10/2016 23:48:35] /a 2
[12/10/2016 23:48:35] /a 2
[12/10/2016 23:48:36] /a 2
[12/10/2016 23:48:36] /a 2
[12/10/2016 23:48:36] /a 2
[12/10/2016 23:48:36] /a 2
[12/10/2016 23:48:36] /a 2
[12/10/2016 23:48:36] /a 2
[12/10/2016 23:48:36] /a 2
[12/10/2016 23:48:36] /a 2
[12/10/2016 23:48:36] /a 2
[12/10/2016 23:48:36] /a 2
[12/10/2016 23:48:36] /a 2
[12/10/2016 23:48:36] /a 2
[12/10/2016 23:48:36] /a 2
[12/10/2016 23:48:36] /a 2
[12/10/2016 23:48:36] /a 2
[12/10/2016 23:48:36] /a 2
[12/10/2016 23:48:36] /a 2
[12/10/2016 23:48:36] /a 2
[12/10/2016 23:48:36] /a 2
[12/10/2016 23:48:36] /a 2
[12/10/2016 23:48:37] /a 2
[12/10/2016 23:48:37] /a 2
[12/10/2016 23:48:37] /a 2
[12/10/2016 23:48:37] /a 2
[12/10/2016 23:48:37] /a 2
[12/10/2016 23:48:37] /a 2
[12/10/2016 23:48:37] /a 2
[12/10/2016 23:48:37] /a 2
[12/10/2016 23:48:37] /a 2
[12/10/2016 23:48:37] /a 2
[12/10/2016 23:48:37] /a 2
[12/10/2016 23:48:37] /a 2
[12/10/2016 23:48:37] /a 2
[12/10/2016 23:48:37] /a 2
[12/10/2016 23:48:37] /a 2
[12/10/2016 23:48:37] /a 2
[12/10/2016 23:48:37] /a 2
[12/10/2016 23:48:37] /a 2
[12/10/2016 23:48:38] /a 2
[12/10/2016 23:48:38] /a 2
[12/10/2016 23:48:38] /a 2
[12/10/2016 23:48:38] /a 2
[12/10/2016 23:48:38] /a 2
[12/10/2016 23:48:38] /a 2
[12/10/2016 23:48:38] /a 2
[12/10/2016 23:48:38] /a 2
[12/10/2016 23:48:38] /a 2
[12/10/2016 23:48:38] /a 2
[12/10/2016 23:48:38] /a 2
[12/10/2016 23:48:39] /a 2
[12/10/2016 23:48:39] /a 2
[12/10/2016 23:48:39] /a 2
[12/10/2016 23:48:39] /a 2
[12/10/2016 23:48:39] /a 2
[12/10/2016 23:48:39] /a 2
[12/10/2016 23:48:39] /a 2
[12/10/2016 23:48:39] /a 2
[12/10/2016 23:48:39] /a 2
[12/10/2016 23:48:39] /a 2
[12/10/2016 23:48:39] /a 2
[12/10/2016 23:48:39] /a 2
[12/10/2016 23:48:39] /a 2
[12/10/2016 23:48:39] /a 2
[12/10/2016 23:48:39] /a 2
[12/10/2016 23:48:39] /a 2
[12/10/2016 23:48:39] /a 2
[12/10/2016 23:48:39] /a 2
[12/10/2016 23:48:40] /a 2
[12/10/2016 23:48:40] /a 2
[12/10/2016 23:48:40] /a 2
[12/10/2016 23:48:40] /a 2
[12/10/2016 23:48:40] /a 2
[12/10/2016 23:48:41] /a 2
[12/10/2016 23:48:52] /goto solido
[12/10/2016 23:49:1] /goto solido
[12/10/2016 23:49:2] /goto solido
[12/10/2016 23:49:3] /a 2
[12/10/2016 23:49:6] /a 2
[12/10/2016 23:49:6] /a 2
[12/10/2016 23:49:6] /a 2
[12/10/2016 23:49:6] /a 2
[12/10/2016 23:49:6] /a 2
[12/10/2016 23:49:6] /a 2
[12/10/2016 23:49:6] /a 2
[12/10/2016 23:49:7] /a 2
[12/10/2016 23:49:7] /a 2
[12/10/2016 23:49:7] /a 2
[12/10/2016 23:49:7] /a 2
[12/10/2016 23:49:9] /a 2
[12/10/2016 23:49:9] /a 2
[12/10/2016 23:49:9] /a 2
[12/10/2016 23:49:9] /a 2
[12/10/2016 23:49:9] /a 2
[12/10/2016 23:49:9] /a 2
[12/10/2016 23:49:9] /a 2
[12/10/2016 23:49:9] /a 2
[12/10/2016 23:49:9] /a 2
[12/10/2016 23:49:9] /a 2
[12/10/2016 23:49:9] /a 2
[12/10/2016 23:49:11] /a 2
[12/10/2016 23:49:11] /a 2
[12/10/2016 23:49:11] /a 2
[12/10/2016 23:49:11] /a 2
[12/10/2016 23:49:11] /a 2
[12/10/2016 23:49:11] /a 2
[12/10/2016 23:49:12] /a 2
[12/10/2016 23:49:12] /a 2
[12/10/2016 23:49:12] /a 2
[12/10/2016 23:49:12] /a 2
[12/10/2016 23:49:12] /a 2
[12/10/2016 23:49:12] /a 2
[12/10/2016 23:49:12] /a 2
[12/10/2016 23:49:12] /a 2
[12/10/2016 23:49:12] /a 2
[12/10/2016 23:49:12] /a 2
[12/10/2016 23:49:12] /a 2
[12/10/2016 23:49:12] /a 2
[12/10/2016 23:49:12] /a 2
[12/10/2016 23:49:12] /a 2
[12/10/2016 23:49:12] /a 2
[12/10/2016 23:49:12] /a 2
[12/10/2016 23:49:13] /a 2
[12/10/2016 23:49:13] /a 2
[12/10/2016 23:49:13] /a 2
[12/10/2016 23:49:13] /a 2
[12/10/2016 23:49:13] /a 2
[12/10/2016 23:49:13] /a 2
[12/10/2016 23:49:13] /a 2
[12/10/2016 23:49:14] /a 2
[12/10/2016 23:49:14] /a 2
[12/10/2016 23:49:14] /a 2
[12/10/2016 23:49:15] /a 2
[12/10/2016 23:49:16] /a 2
[12/10/2016 23:49:16] /a 2
[12/10/2016 23:49:17] /a 2
[12/10/2016 23:49:18] /a 2
[12/10/2016 23:49:18] /a 2
[12/10/2016 23:49:18] /a 2
[12/10/2016 23:49:18] /a 2
[12/10/2016 23:49:18] /a 2
[12/10/2016 23:49:18] /a 2
[12/10/2016 23:49:18] /a 2
[12/10/2016 23:49:18] /a 2
[12/10/2016 23:49:18] /a 2
[12/10/2016 23:49:18] /a 2
[12/10/2016 23:49:18] /a 2
[12/10/2016 23:49:18] /a 2
[12/10/2016 23:49:18] /a 2
[12/10/2016 23:49:18] /a 2
[12/10/2016 23:49:18] /a 2
[12/10/2016 23:49:18] /a 2
[12/10/2016 23:49:18] /a 2
[12/10/2016 23:49:18] /a 2
[12/10/2016 23:49:18] /a 2
[12/10/2016 23:49:18] /a 2
[12/10/2016 23:49:18] /a 2
[12/10/2016 23:49:18] /a 2
[12/10/2016 23:49:18] /a 2
[12/10/2016 23:49:18] /a 2
[12/10/2016 23:49:19] /a 2
[12/10/2016 23:49:19] /a 2
[12/10/2016 23:49:19] /a 2
[12/10/2016 23:49:19] /a 2
[12/10/2016 23:49:19] /a 2
[12/10/2016 23:49:19] /a 2
[12/10/2016 23:49:19] /a 2
[12/10/2016 23:49:19] /a 2
[12/10/2016 23:49:19] /a 2
[12/10/2016 23:49:19] /a 2
[12/10/2016 23:49:19] /a 2
[12/10/2016 23:49:19] /a 2
[12/10/2016 23:49:19] /a 2
[12/10/2016 23:49:19] /a 2
[12/10/2016 23:49:19] /a 2
[12/10/2016 23:49:19] /a 2
[12/10/2016 23:49:19] /a 2
[12/10/2016 23:49:19] /a 2
[12/10/2016 23:49:19] /a 2
[12/10/2016 23:49:19] /a 2
[12/10/2016 23:49:20] /a 2
[12/10/2016 23:49:20] /a 2
[12/10/2016 23:49:20] /a 2
[12/10/2016 23:49:20] /a 2
[12/10/2016 23:49:20] /a 2
[12/10/2016 23:49:20] /a 2
[12/10/2016 23:49:20] /a 2
[12/10/2016 23:49:20] /a 2
[12/10/2016 23:49:20] /a 2
[12/10/2016 23:49:20] /a 2
[12/10/2016 23:49:20] /a 2
[12/10/2016 23:49:20] /a 2
[12/10/2016 23:49:20] /a 2
[12/10/2016 23:49:20] /a 2
[12/10/2016 23:49:20] /a 2
[12/10/2016 23:49:20] /a 2
[12/10/2016 23:49:20] /a 2
[12/10/2016 23:49:20] /a 2
[12/10/2016 23:49:20] /a 2
[12/10/2016 23:49:20] /a 2
[12/10/2016 23:49:21] /a 2
[12/10/2016 23:49:21] /a 2
[12/10/2016 23:49:21] /a 2
[12/10/2016 23:49:22] /a 2
[12/10/2016 23:49:23] /a 2
[12/10/2016 23:49:24] /a 2
[12/10/2016 23:49:24] /a 2
[12/10/2016 23:49:24] /a 2
[12/10/2016 23:49:24] /a 2
[12/10/2016 23:49:24] /a 2
[12/10/2016 23:49:24] /a 2
[12/10/2016 23:49:26] /a 2
[12/10/2016 23:49:26] /a 2
[12/10/2016 23:49:26] /a 2
[12/10/2016 23:49:26] /a 2
[12/10/2016 23:49:26] /a 2
[12/10/2016 23:49:26] /a 2
[12/10/2016 23:49:27] /a 2
[12/10/2016 23:49:27] /a 2
[12/10/2016 23:49:27] /a 2
[12/10/2016 23:49:27] /a 2
[12/10/2016 23:49:27] /a 2
[12/10/2016 23:49:28] /a 2
[12/10/2016 23:49:28] /a 2
[12/10/2016 23:49:28] /a 2
[12/10/2016 23:49:28] /a 2
[12/10/2016 23:49:28] /a 2
[12/10/2016 23:49:29] /a 2
[12/10/2016 23:49:29] /a 2
[12/10/2016 23:49:29] /a 2
[12/10/2016 23:49:29] /a 2
[12/10/2016 23:49:29] /a 2
[12/10/2016 23:49:29] /a 2
[12/10/2016 23:49:29] /a 2
[12/10/2016 23:49:29] /a 2
[12/10/2016 23:49:31] /a 2
[12/10/2016 23:49:31] /a 2
[12/10/2016 23:49:31] /a 2
[12/10/2016 23:49:31] /a 2
[12/10/2016 23:49:31] /a 2
[12/10/2016 23:49:31] /a 2
[12/10/2016 23:49:31] /a 2
[12/10/2016 23:49:31] /a 2
[12/10/2016 23:49:31] /a 2
[12/10/2016 23:49:31] /a 2
[12/10/2016 23:49:31] /a 2
[12/10/2016 23:49:32] /a 2
[12/10/2016 23:49:32] /a 2
[12/10/2016 23:49:32] /a 2
[12/10/2016 23:49:32] /a 2
[12/10/2016 23:49:32] /a 2
[12/10/2016 23:49:33] /a 2
[12/10/2016 23:49:33] /a 2
[12/10/2016 23:49:33] /a 2
[12/10/2016 23:49:33] /a 2
[12/10/2016 23:49:34] /up
[12/10/2016 23:49:35] /a 2
[12/10/2016 23:49:35] /a 2
[12/10/2016 23:49:35] /a 2
[12/10/2016 23:49:35] /a 2
[12/10/2016 23:49:41] /a 2
[12/10/2016 23:49:41] /a 2
[12/10/2016 23:49:41] /a 2
[12/10/2016 23:49:42] /a 2
[12/10/2016 23:49:42] /a 2
[12/10/2016 23:49:42] /a 2
[12/10/2016 23:49:43] /a 2
[12/10/2016 23:49:47] /a 2
[12/10/2016 23:49:48] /a 2
[12/10/2016 23:49:48] /a 2
[12/10/2016 23:49:48] /a 2
[12/10/2016 23:49:48] /a 2
[12/10/2016 23:49:48] /a 2
[12/10/2016 23:49:48] /a 2
[12/10/2016 23:49:48] /a 2
[12/10/2016 23:49:49] /a 2
[12/10/2016 23:49:49] /a 2
[12/10/2016 23:49:49] /a 2
[12/10/2016 23:49:49] /a 2
[12/10/2016 23:49:50] /a 2
[12/10/2016 23:50:13] /t
[12/10/2016 23:50:14] /a 2
[12/10/2016 23:50:14] /a 2
[12/10/2016 23:50:14] /a 2
[12/10/2016 23:50:14] /a 2
[12/10/2016 23:50:14] /a 2
[12/10/2016 23:50:14] /a 2
[12/10/2016 23:50:14] /a 2
[12/10/2016 23:50:14] /a 2
[12/10/2016 23:50:14] /a 2
[12/10/2016 23:50:14] /a 2
[12/10/2016 23:50:15] /a 2
[12/10/2016 23:50:15] /a 2
[12/10/2016 23:50:15] /a 2
[12/10/2016 23:50:15] /a 2
[12/10/2016 23:50:15] /a 2
[12/10/2016 23:50:15] /a 2
[12/10/2016 23:50:15] /a 2
[12/10/2016 23:50:15] /a 2
[12/10/2016 23:50:15] /a 2
[12/10/2016 23:50:15] /a 2
[12/10/2016 23:50:15] /a 2
[12/10/2016 23:50:15] /a 2
[12/10/2016 23:50:18] /a 2
[12/10/2016 23:50:18] /a 2
[12/10/2016 23:50:18] /a 2
[12/10/2016 23:50:18] /a 2
[12/10/2016 23:50:18] /a 2
[12/10/2016 23:50:18] /a 2
[12/10/2016 23:50:18] /a 2
[12/10/2016 23:50:18] /a 2
[12/10/2016 23:50:18] /a 2
[12/10/2016 23:50:19] /a 2
[12/10/2016 23:50:19] /a 2
[12/10/2016 23:50:27] /i crystal coin
[12/10/2016 23:50:30] /a 2
[12/10/2016 23:50:30] /a 2
[12/10/2016 23:50:30] /a 2
[12/10/2016 23:50:30] /a 2
[12/10/2016 23:50:30] /a 2
[12/10/2016 23:50:30] /a 2
[12/10/2016 23:50:30] /a 2
[12/10/2016 23:50:30] /a 2
[12/10/2016 23:50:30] /a 2
[12/10/2016 23:50:30] /a 2
[12/10/2016 23:50:30] /a 2
[12/10/2016 23:50:30] /a 2
[12/10/2016 23:50:30] /a 2
[12/10/2016 23:50:31] /a 2
[12/10/2016 23:50:31] /a 2
[12/10/2016 23:50:31] /a 2
[12/10/2016 23:50:31] /a 2
[12/10/2016 23:50:31] /a 2
[12/10/2016 23:50:31] /a 2
[12/10/2016 23:50:32] /a 2
[12/10/2016 23:50:32] /a 2
[12/10/2016 23:50:32] /a 2
[12/10/2016 23:50:32] /a 2
[12/10/2016 23:50:32] /a 2
[12/10/2016 23:50:32] /a 2
[12/10/2016 23:50:32] /a 2
[12/10/2016 23:50:32] /a 2
[12/10/2016 23:50:32] /a 2
[12/10/2016 23:50:33] /a 2
[12/10/2016 23:50:33] /a 2
[12/10/2016 23:50:33] /a 2
[12/10/2016 23:50:33] /a 2
[12/10/2016 23:50:33] /a 2
[12/10/2016 23:50:33] /a 2
[12/10/2016 23:50:33] /a 2
[12/10/2016 23:50:33] /a 2
[12/10/2016 23:50:33] /a 2
[12/10/2016 23:50:34] /a 2
[12/10/2016 23:50:34] /a 2
[12/10/2016 23:50:34] /a 2
[12/10/2016 23:50:34] /a 2
[12/10/2016 23:50:34] /a 2
[12/10/2016 23:50:34] /a 2
[12/10/2016 23:50:34] /a 2
[12/10/2016 23:50:34] /a 2
[12/10/2016 23:50:34] /a 2
[12/10/2016 23:50:34] /a 2
[12/10/2016 23:50:34] /a 2
[12/10/2016 23:50:34] /a 2
[12/10/2016 23:50:34] /a 2
[12/10/2016 23:50:34] /a 2
[12/10/2016 23:50:34] /a 2
[12/10/2016 23:50:35] /a 2
[12/10/2016 23:50:35] /a 2
[12/10/2016 23:50:35] /a 2
[12/10/2016 23:50:35] /a 2
[12/10/2016 23:50:35] /a 2
[12/10/2016 23:50:35] /a 2
[12/10/2016 23:50:35] /a 2
[12/10/2016 23:50:35] /a 2
[12/10/2016 23:50:35] /a 2
[12/10/2016 23:50:35] /a 2
[12/10/2016 23:50:35] /a 2
[12/10/2016 23:50:35] /a 2
[12/10/2016 23:50:35] /a 2
[12/10/2016 23:50:36] /a 2
[12/10/2016 23:50:36] /a 2
[12/10/2016 23:50:36] /a 2
[12/10/2016 23:50:36] /a 2
[12/10/2016 23:50:36] /a 2
[12/10/2016 23:50:36] /a 2
[12/10/2016 23:50:36] /a 2
[12/10/2016 23:50:36] /a 2
[12/10/2016 23:50:36] /a 2
[12/10/2016 23:50:40] /a 2
[12/10/2016 23:50:40] /a 2
[12/10/2016 23:50:41] /a 2
[12/10/2016 23:50:41] /a 2
[12/10/2016 23:50:41] /a 2
[12/10/2016 23:50:42] /a 2
[12/10/2016 23:50:42] /a 2
[12/10/2016 23:50:54] /m exp bug
[12/10/2016 23:51:10] /addskill Martel,Distance
[12/10/2016 23:51:10] /addskill Martel,Distance
[12/10/2016 23:51:10] /addskill Martel,Distance
[12/10/2016 23:51:10] /addskill Martel,Distance
[12/10/2016 23:51:10] /addskill Martel,Distance
[12/10/2016 23:51:10] /addskill Martel,Distance
[12/10/2016 23:51:10] /addskill Martel,Distance
[12/10/2016 23:51:10] /addskill Martel,Distance
[12/10/2016 23:51:10] /addskill Martel,Distance
[12/10/2016 23:51:10] /addskill Martel,Distance
[12/10/2016 23:51:10] /addskill Martel,Distance
[12/10/2016 23:51:10] /addskill Martel,Distance
[12/10/2016 23:51:10] /addskill Martel,Distance
[12/10/2016 23:51:10] /addskill Martel,Distance
[12/10/2016 23:51:10] /addskill Martel,Distance
[12/10/2016 23:51:10] /addskill Martel,Distance
[12/10/2016 23:51:14] /addskill Martel,Distance
[12/10/2016 23:51:14] /addskill Martel,Distance
[12/10/2016 23:51:14] /addskill Martel,Distance
[12/10/2016 23:51:14] /addskill Martel,Distance
[12/10/2016 23:51:14] /addskill Martel,Distance
[12/10/2016 23:51:14] /addskill Martel,Distance
[12/10/2016 23:51:14] /addskill Martel,Distance
[12/10/2016 23:51:14] /addskill Martel,Distance
[12/10/2016 23:51:14] /addskill Martel,Distance
[12/10/2016 23:51:14] /addskill Martel,Distance
[12/10/2016 23:51:14] /addskill Martel,Distance
[12/10/2016 23:51:14] /addskill Martel,Distance
[12/10/2016 23:51:14] /addskill Martel,Distance
[12/10/2016 23:51:14] /addskill Martel,Distance
[12/10/2016 23:51:15] /addskill Martel,Distance
[12/10/2016 23:51:15] /addskill Martel,Distance
[12/10/2016 23:51:15] /addskill Martel,Distance
[12/10/2016 23:51:15] /addskill Martel,Distance
[12/10/2016 23:51:15] /addskill Martel,Distance
[12/10/2016 23:51:15] /addskill Martel,Distance
[12/10/2016 23:51:15] /addskill Martel,Distance
[12/10/2016 23:51:15] /addskill Martel,Distance
[12/10/2016 23:51:15] /addskill Martel,Distance
[12/10/2016 23:51:15] /addskill Martel,Distance
[12/10/2016 23:51:15] /addskill Martel,Distance
[12/10/2016 23:51:15] /addskill Martel,Distance
[12/10/2016 23:51:15] /addskill Martel,Distance
[12/10/2016 23:51:15] /addskill Martel,Distance
[12/10/2016 23:51:15] /addskill Martel,Distance
[12/10/2016 23:51:15] /addskill Martel,Distance
[12/10/2016 23:51:15] /addskill Martel,Distance
[12/10/2016 23:51:15] /addskill Martel,Distance
[12/10/2016 23:51:15] /addskill Martel,Distance
[12/10/2016 23:51:15] /addskill Martel,Distance
[12/10/2016 23:51:15] /addskill Martel,Distance
[12/10/2016 23:51:15] /addskill Martel,Distance
[12/10/2016 23:51:15] /addskill Martel,Distance
[12/10/2016 23:51:15] /addskill Martel,Distance
[12/10/2016 23:51:28] /a 2
[12/10/2016 23:51:58] /addskill Martel,Magic
[12/10/2016 23:51:58] /addskill Martel,Magic
[12/10/2016 23:51:59] /addskill Martel,Magic
[12/10/2016 23:51:59] /addskill Martel,Magic
[12/10/2016 23:51:59] /addskill Martel,Magic
[12/10/2016 23:51:59] /addskill Martel,Magic
[12/10/2016 23:51:59] /addskill Martel,Magic
[12/10/2016 23:51:59] /addskill Martel,Magic
[12/10/2016 23:51:59] /addskill Martel,Magic
[12/10/2016 23:51:59] /addskill Martel,Magic
[12/10/2016 23:51:59] /addskill Martel,Magic
[12/10/2016 23:51:59] /addskill Martel,Magic
[12/10/2016 23:51:59] /addskill Martel,Magic
[12/10/2016 23:51:59] /addskill Martel,Magic
[12/10/2016 23:51:59] /addskill Martel,Magic
[12/10/2016 23:51:59] /addskill Martel,Magic
[12/10/2016 23:51:59] /addskill Martel,Magic
[12/10/2016 23:51:59] /addskill Martel,Magic
[12/10/2016 23:51:59] /addskill Martel,Magic
[12/10/2016 23:51:59] /addskill Martel,Magic
[12/10/2016 23:51:59] /addskill Martel,Magic
[12/10/2016 23:51:59] /addskill Martel,Magic
[12/10/2016 23:51:59] /addskill Martel,Magic
[12/10/2016 23:51:59] /addskill Martel,Magic
[12/10/2016 23:51:59] /addskill Martel,Magic
[12/10/2016 23:51:59] /addskill Martel,Magic
[12/10/2016 23:51:59] /addskill Martel,Magic
[12/10/2016 23:51:59] /addskill Martel,Magic
[12/10/2016 23:51:59] /addskill Martel,Magic
[12/10/2016 23:51:59] /addskill Martel,Magic
[12/10/2016 23:51:59] /addskill Martel,Magic
[12/10/2016 23:51:59] /addskill Martel,Magic
[12/10/2016 23:51:59] /addskill Martel,Magic
[12/10/2016 23:52:0] /addskill Martel,Magic
[12/10/2016 23:52:0] /addskill Martel,Magic
[12/10/2016 23:52:0] /addskill Martel,Magic
[12/10/2016 23:52:0] /addskill Martel,Magic
[12/10/2016 23:52:0] /addskill Martel,Magic
[12/10/2016 23:52:0] /addskill Martel,Magic
[12/10/2016 23:52:0] /addskill Martel,Magic
[12/10/2016 23:52:0] /addskill Martel,Magic
[12/10/2016 23:52:0] /addskill Martel,Magic
[12/10/2016 23:52:0] /addskill Martel,Magic
[12/10/2016 23:52:0] /addskill Martel,Magic
[12/10/2016 23:52:0] /addskill Martel,Magic
[12/10/2016 23:52:1] /addskill Martel,Magic
[12/10/2016 23:52:2] /addskill Martel,Magic
[12/10/2016 23:52:8] /addskill Martel,Magic
[12/10/2016 23:52:32] /a 2
[12/10/2016 23:52:32] /a 2
[12/10/2016 23:52:32] /a 2
[12/10/2016 23:52:32] /a 2
[12/10/2016 23:52:33] /a 2
[12/10/2016 23:52:33] /a 2
[12/10/2016 23:52:33] /a 2
[12/10/2016 23:52:33] /a 2
[12/10/2016 23:52:33] /a 2
[12/10/2016 23:52:33] /a 2
[12/10/2016 23:52:33] /a 2
[12/10/2016 23:52:34] /a 2
[12/10/2016 23:52:34] /a 2
[12/10/2016 23:52:34] /a 2
[12/10/2016 23:52:34] /a 2
[12/10/2016 23:52:36] /a 2
[12/10/2016 23:52:36] /a 2
[12/10/2016 23:52:37] /a 2
[12/10/2016 23:52:43] /a 2
[13/10/2016 21:31:14] /a 50
[13/10/2016 21:31:15] /a 50
[13/10/2016 21:31:15] /a 50
[13/10/2016 21:31:16] /a 50
[13/10/2016 21:31:17] /a 50
[13/10/2016 21:31:17] /a 50
[13/10/2016 21:31:18] /a 50
[13/10/2016 21:31:18] /a 50
[13/10/2016 21:31:19] /a 50
[13/10/2016 21:31:21] /a 5
[13/10/2016 21:31:21] /a 5
[13/10/2016 21:31:22] /a 5
[13/10/2016 21:31:22] /a 5
[13/10/2016 21:31:22] /a 5
[13/10/2016 21:31:23] /a 5
[13/10/2016 21:31:25] /down
[13/10/2016 21:31:27] /down
[13/10/2016 21:31:30] /a 5
[13/10/2016 21:31:30] /a 5
[13/10/2016 21:31:30] /a 5
[13/10/2016 21:31:31] /a 5
[13/10/2016 21:31:32] /a 5
[13/10/2016 21:31:32] /a 5
[13/10/2016 21:31:32] /a 5
[13/10/2016 21:31:33] /a 5
[13/10/2016 21:31:33] /a 5
[13/10/2016 21:31:33] /a 5
[13/10/2016 21:31:34] /a 5
[13/10/2016 21:31:34] /a 5
[13/10/2016 21:31:35] /a 5
[13/10/2016 21:31:35] /a 5
[17/10/2016 22:3:20] /t
[17/10/2016 22:27:43] /t
[17/10/2016 22:27:47] /c knight test
[17/10/2016 22:28:2] /m ghazbaran
[17/10/2016 22:36:19] /raid ferumbras
[17/10/2016 22:57:35] /m morgaroth
[17/10/2016 23:1:4] /m bimbo
[17/10/2016 23:1:40] /r
[17/10/2016 23:1:45] /c knight test
[17/10/2016 23:2:16] /m ferumbras
[17/10/2016 23:8:46] /m hellfire fighter
[17/10/2016 23:8:47] /m hellfire fighter
[17/10/2016 23:8:48] /m hellfire fighter
[17/10/2016 23:8:48] /m hellfire fighter
[17/10/2016 23:8:49] /m hellfire fighter
[17/10/2016 23:8:49] /m hellfire fighter
[17/10/2016 23:8:50] /m hellfire fighter
[17/10/2016 23:8:50] /m hellfire fighter
[17/10/2016 23:9:19] /m teitan
[17/10/2016 23:10:7] /r
[17/10/2016 23:10:13] /m toxiros
[17/10/2016 23:10:30] /r
[17/10/2016 23:10:36] /goto quara pincher
[17/10/2016 23:10:40] /r
[17/10/2016 23:10:46] /r
[17/10/2016 23:10:47] /r
[17/10/2016 23:10:52] /c knight test
[17/10/2016 23:10:57] /m tibia bug
[17/10/2016 23:12:17] /r
[17/10/2016 23:12:54] /m carniphila
[17/10/2016 23:14:26] /m old widow
[17/10/2016 23:15:23] /r
[17/10/2016 23:15:35] /t
[17/10/2016 23:15:52] /m behold
[17/10/2016 23:15:58] /m beholder
[17/10/2016 23:16:3] /m bonelord
[17/10/2016 23:16:8] /m bonehound
[17/10/2016 23:16:12] /c knight test
[17/10/2016 23:16:16] /m bonehound
[17/10/2016 23:16:16] /m bonehound
[17/10/2016 23:16:17] /m bonehound
[17/10/2016 23:16:18] /m bonehound
[17/10/2016 23:16:48] /m bonehound
[17/10/2016 23:16:49] /m bonehound
[17/10/2016 23:16:50] /m bonehound
[17/10/2016 23:16:50] /m bonehound
[17/10/2016 23:16:59] /r
[17/10/2016 23:17:2] /r
[17/10/2016 23:17:4] /r
[17/10/2016 23:17:6] /r
[17/10/2016 23:17:9] /m euryale
[17/10/2016 23:17:10] /m euryale
[17/10/2016 23:17:11] /m euryale
[17/10/2016 23:17:12] /m euryale
[17/10/2016 23:17:13] /m euryale
[17/10/2016 23:17:14] /m euryale
[17/10/2016 23:17:14] /m euryale
[17/10/2016 23:18:6] /m euryale
[17/10/2016 23:18:7] /m euryale
[17/10/2016 23:18:11] /m undead dragon
[17/10/2016 23:18:11] /m undead dragon
[17/10/2016 23:18:12] /m undead dragon
[17/10/2016 23:18:16] /m euryale
[17/10/2016 23:18:48] /m euryale
[17/10/2016 23:18:56] /m the obliverator
[17/10/2016 23:19:14] /c knight test
[18/10/2016 22:28:49] /goto ruxaxup
[18/10/2016 22:28:57] /t
[18/10/2016 22:28:59] /c ruxaxup
[18/10/2016 22:29:8] /r
[18/10/2016 22:33:29] /i spellbook of warding
[18/10/2016 22:33:41] /i zaoan legs
[18/10/2016 22:33:44] /i focus cape
[18/10/2016 22:33:52] /i royal helmet
[18/10/2016 22:33:57] /i hailstorm rod
[18/10/2016 22:34:4] /i amulet of loss
[18/10/2016 22:34:8] /i zaoanchessbox
[18/10/2016 22:34:11] /i zaoanchess box
[18/10/2016 22:34:16] /i zaoan chess box
[18/10/2016 22:34:23] /i sudden death rune
[18/10/2016 22:34:25] /i sudden death rune
[18/10/2016 22:34:26] /i sudden death rune
[18/10/2016 22:34:34] /i great mana potion
[18/10/2016 22:34:35] /i great mana potion
[18/10/2016 22:34:36] /i great mana potion
[18/10/2016 22:36:56] /goto solido
[18/10/2016 22:37:1] /goto tu gfa en bici
[18/10/2016 22:37:6] /c ruxaxup
[18/10/2016 22:39:31] /ghost
[18/10/2016 22:39:32] /down
[18/10/2016 22:39:38] /goto ruxaxup
[18/10/2016 22:40:32] /a 2
[18/10/2016 22:40:34] /a 2
[18/10/2016 22:40:49] /a 10
[18/10/2016 22:41:7] /c tu gfa en bici
[18/10/2016 22:41:16] /c ruxaxup
[18/10/2016 22:41:18] /c ruxaxup
[18/10/2016 22:41:19] /c ruxaxup
[18/10/2016 22:41:20] /c ruxaxup
[18/10/2016 22:41:20] /c ruxaxup
[18/10/2016 22:41:22] /c ruxaxup
[18/10/2016 22:41:29] /i crystal coin
[18/10/2016 22:42:9] /kick ruxaxup
[18/10/2016 22:42:11] /kick ruxaxup
[18/10/2016 22:45:51] /goto tu gfa en bici
[18/10/2016 22:46:54] /a 2
[18/10/2016 22:46:54] /a 2
[18/10/2016 22:46:54] /a 2
[18/10/2016 22:46:54] /a 2
[18/10/2016 22:46:55] /a 2
[18/10/2016 22:46:55] /a 2
[18/10/2016 22:46:55] /a 2
[18/10/2016 22:47:8] /c ruxaxup
[18/10/2016 22:47:14] /c tu gfa en bici
[18/10/2016 22:47:17] /i backpack
[18/10/2016 22:47:30] /i might ring
[18/10/2016 22:47:32] /i might ring
[18/10/2016 22:47:33] /i might ring
[18/10/2016 22:47:34] /i might ring
[18/10/2016 22:47:35] /i might ring
[18/10/2016 22:47:36] /i might ring
[18/10/2016 22:47:38] /i might ring
[18/10/2016 22:47:39] /i might ring
[18/10/2016 22:47:41] /i might ring
[18/10/2016 22:47:42] /i might ring
[18/10/2016 22:47:50] /i might ring
[18/10/2016 22:47:50] /i might ring
[18/10/2016 22:47:51] /i might ring
[18/10/2016 22:47:52] /i might ring
[18/10/2016 22:47:52] /i might ring
[18/10/2016 22:47:53] /i might ring
[18/10/2016 22:47:54] /i might ring
[18/10/2016 22:54:4] /i wild growth rune
[18/10/2016 22:54:16] /i great health potion
[18/10/2016 22:54:17] /i great health potion
[18/10/2016 22:54:18] /i great health potion
[18/10/2016 22:54:18] /i great health potion
[18/10/2016 22:54:27] /i great mana potion
[18/10/2016 22:54:28] /i great mana potion
[18/10/2016 22:54:31] /i great mana potion
[18/10/2016 22:54:35] /i mana potion
[18/10/2016 22:54:37] /i mana potion
[18/10/2016 23:7:52] /goto ruxaxup
[18/10/2016 23:7:57] /s lucifer
[18/10/2016 23:8:18] /s lucifer
[18/10/2016 23:8:19] /s lucifer
[18/10/2016 23:8:21] /s lucifer
[18/10/2016 23:8:22] /s lucifer
[18/10/2016 23:8:23] /s lucifer
[18/10/2016 23:8:23] /s lucifer
[18/10/2016 23:8:24] /s lucifer
[18/10/2016 23:8:25] /s lucifer
[18/10/2016 23:8:26] /s lucifer
[18/10/2016 23:9:34] /m training monk
[18/10/2016 23:9:49] /s lucifer
[18/10/2016 23:9:50] /s lucifer
[18/10/2016 23:9:51] /s lucifer
[18/10/2016 23:9:51] /s lucifer
[18/10/2016 23:9:52] /s lucifer
[18/10/2016 23:9:52] /s lucifer
[18/10/2016 23:9:53] /s lucifer
[18/10/2016 23:9:54] /s lucifer
[18/10/2016 23:9:55] /s lucifer
[18/10/2016 23:9:55] /s lucifer
[18/10/2016 23:9:56] /s lucifer
[18/10/2016 23:9:56] /s lucifer
[18/10/2016 23:9:57] /s lucifer
[18/10/2016 23:9:57] /s lucifer
[18/10/2016 23:9:58] /s lucifer
[18/10/2016 23:10:4] /c ruxaxup
[18/10/2016 23:10:15] /s lucifer
[18/10/2016 23:10:16] /s lucifer
[18/10/2016 23:10:16] /s lucifer
[18/10/2016 23:10:17] /s lucifer
[18/10/2016 23:10:18] /s lucifer
[18/10/2016 23:10:18] /s lucifer
[18/10/2016 23:10:19] /s lucifer
[18/10/2016 23:10:19] /s lucifer
[18/10/2016 23:10:20] /s lucifer
[18/10/2016 23:10:20] /s lucifer
[18/10/2016 23:10:21] /s lucifer
[18/10/2016 23:10:21] /s lucifer
[18/10/2016 23:10:22] /s lucifer
[18/10/2016 23:10:22] /s lucifer
[18/10/2016 23:10:23] /s lucifer
[18/10/2016 23:10:23] /s lucifer
[18/10/2016 23:10:24] /s lucifer
[18/10/2016 23:10:24] /s lucifer
[18/10/2016 23:10:25] /s lucifer
[18/10/2016 23:10:25] /s lucifer
[18/10/2016 23:10:26] /s lucifer
[18/10/2016 23:10:26] /s lucifer
[18/10/2016 23:10:27] /s lucifer
[18/10/2016 23:10:27] /s lucifer
[18/10/2016 23:10:28] /s lucifer
[18/10/2016 23:10:28] /s lucifer
[18/10/2016 23:10:29] /s lucifer
[18/10/2016 23:10:38] /s lucifer
[18/10/2016 23:10:39] /s lucifer
[18/10/2016 23:10:39] /s lucifer
[18/10/2016 23:10:40] /s lucifer
[18/10/2016 23:10:40] /s lucifer
[18/10/2016 23:10:41] /s lucifer
[18/10/2016 23:10:41] /s lucifer
[18/10/2016 23:36:29] /goto solido
[18/10/2016 23:37:16] /i hole
[18/10/2016 23:39:1] /i claw of noxious
[18/10/2016 23:39:6] /m noxious spawn
[18/10/2016 23:39:12] /a 2
[18/10/2016 23:39:13] /a 2
[18/10/2016 23:39:13] /a 2
[18/10/2016 23:39:17] /m frazzlemaw
[18/10/2016 23:39:19] /m frazzlemaw
[18/10/2016 23:39:24] /s training monk
[18/10/2016 23:39:29] /a 2
[18/10/2016 23:39:34] /m frazzlemaw
[18/10/2016 23:40:1] /a 2
[18/10/2016 23:40:3] /a 2
[18/10/2016 23:40:5] /r
[18/10/2016 23:40:14] /m guzzle maw
[18/10/2016 23:40:19] /a 2
[18/10/2016 23:40:25] /m guzzlemaw
[18/10/2016 23:40:27] /m guzzlemaw
[18/10/2016 23:40:37] /a 2
[18/10/2016 23:40:43] /s training monk
[18/10/2016 23:40:43] /s training monk
[18/10/2016 23:40:44] /s training monk
[18/10/2016 23:40:54] /r
[18/10/2016 23:40:57] /a 2
[18/10/2016 23:40:57] /a 2
[18/10/2016 23:43:44] /goto solido
[18/10/2016 23:43:53] /a 2
[18/10/2016 23:43:53] /a 2
[18/10/2016 23:43:56] /down
[18/10/2016 23:43:57] /down
[18/10/2016 23:43:58] /down
[18/10/2016 23:43:58] /down
[18/10/2016 23:43:59] /down
[18/10/2016 23:44:0] /down
[18/10/2016 23:44:0] /down
[18/10/2016 23:44:0] /down
[18/10/2016 23:44:1] /down
[18/10/2016 23:44:1] /down
[18/10/2016 23:44:7] /up
[18/10/2016 23:44:8] /up
[18/10/2016 23:44:9] /up
[18/10/2016 23:44:9] /up
[18/10/2016 23:44:10] /up
[18/10/2016 23:44:11] /up
[18/10/2016 23:44:17] /a 2
[18/10/2016 23:44:18] /a 2
[18/10/2016 23:44:51] /i spellbook
