[12/5/2014 23:6:52] /t
[12/5/2014 23:7:29] /i firewalker boots
[12/5/2014 23:7:38] /i crystal coin
[12/5/2014 23:7:50] /i rob of the underwolr
[12/5/2014 23:7:56] /i rob of the underworld
[12/5/2014 23:8:53] /i Royal Draken Mail
[12/5/2014 23:9:8] /i Elite Draken Mail
[12/5/2014 23:9:15] /m lizard high guard
[12/5/2014 23:9:22] /s ghazbaran
[12/5/2014 23:9:48] /r
[12/5/2014 23:9:50] /r
[12/5/2014 23:10:32] /m demon
[12/5/2014 23:10:35] /s demon
[12/5/2014 23:11:4] /a 100
[12/5/2014 23:11:14] /a 20
[12/5/2014 23:11:16] /up
[12/5/2014 23:11:18] /a 3
[12/5/2014 23:11:43] /goto lizard high guard
[12/5/2014 23:11:47] /down
[12/5/2014 23:11:50] /down
[12/5/2014 23:11:54] /t
[12/5/2014 23:12:17] /r
[12/5/2014 23:15:35] /t
[12/5/2014 23:16:30] /a 3
[12/5/2014 23:16:30] /a 3
[12/5/2014 23:16:30] /a 3
[12/5/2014 23:16:31] /a 3
[12/5/2014 23:16:31] /a 3
[12/5/2014 23:16:31] /a 3
[12/5/2014 23:16:31] /a 3
[12/5/2014 23:16:31] /a 3
[12/5/2014 23:16:32] /a 3
[12/5/2014 23:16:32] /a 3
[12/5/2014 23:16:32] /a 3
[12/5/2014 23:16:32] /a 3
[12/5/2014 23:16:32] /a 3
[12/5/2014 23:16:32] /a 3
[12/5/2014 23:16:32] /a 3
[12/5/2014 23:16:32] /a 3
[12/5/2014 23:16:32] /a 3
[12/5/2014 23:16:32] /a 3
[12/5/2014 23:16:32] /a 3
[12/5/2014 23:16:32] /a 3
[12/5/2014 23:16:32] /a 3
[12/5/2014 23:16:33] /a 3
[12/5/2014 23:16:33] /a 3
[12/5/2014 23:16:33] /a 3
[12/5/2014 23:16:33] /a 3
[12/5/2014 23:16:33] /a 3
[12/5/2014 23:16:33] /a 3
[12/5/2014 23:16:33] /a 3
[12/5/2014 23:16:33] /a 3
[12/5/2014 23:16:33] /a 3
[12/5/2014 23:16:33] /a 3
[12/5/2014 23:16:33] /a 3
[12/5/2014 23:16:33] /a 3
[12/5/2014 23:16:33] /a 3
[12/5/2014 23:16:33] /a 3
[12/5/2014 23:16:33] /a 3
[12/5/2014 23:16:33] /a 3
[12/5/2014 23:16:33] /a 3
[12/5/2014 23:16:33] /a 3
[12/5/2014 23:16:33] /a 3
[12/5/2014 23:16:34] /a 3
[12/5/2014 23:16:34] /a 3
[12/5/2014 23:16:34] /a 3
[12/5/2014 23:16:35] /a 3
[12/5/2014 23:16:35] /a 3
[12/5/2014 23:16:36] /a 3
[12/5/2014 23:16:36] /a 3
[12/5/2014 23:16:36] /a 3
[12/5/2014 23:16:37] /a 3
[12/5/2014 23:16:37] /a 3
[12/5/2014 23:16:37] /a 3
[12/5/2014 23:16:37] /a 3
[12/5/2014 23:16:37] /a 3
[12/5/2014 23:16:38] /a 3
[12/5/2014 23:16:38] /a 3
[12/5/2014 23:16:38] /a 3
[12/5/2014 23:16:59] /t
[12/5/2014 23:17:49] /m exp bug
[12/5/2014 23:17:57] /r
[12/5/2014 23:20:40] /m exp bug
[12/5/2014 23:21:46] /m exp bug
[13/5/2014 12:52:41] /a 3
[13/5/2014 12:52:41] /a 3
[13/5/2014 12:52:41] /a 3
[13/5/2014 12:52:41] /a 3
[13/5/2014 12:52:42] /a 3
[13/5/2014 12:52:42] /a 3
[13/5/2014 12:52:42] /a 3
[13/5/2014 12:52:42] /a 3
[13/5/2014 12:52:42] /a 3
[13/5/2014 12:52:42] /a 3
[13/5/2014 12:52:42] /a 3
[13/5/2014 12:52:43] /a 3
[13/5/2014 12:52:43] /a 3
[13/5/2014 12:52:43] /a 3
[13/5/2014 12:52:43] /a 3
[13/5/2014 12:52:43] /a 3
[13/5/2014 12:52:44] /a 3
[13/5/2014 12:52:44] /a 3
[13/5/2014 12:52:44] /a 3
[13/5/2014 12:52:45] /a 3
[13/5/2014 12:52:46] /a 3
[13/5/2014 12:52:46] /a 3
[13/5/2014 12:52:46] /a 3
[13/5/2014 12:52:49] /up
[13/5/2014 12:52:50] /a 3
[13/5/2014 12:52:50] /a 3
[13/5/2014 12:52:50] /a 3
[13/5/2014 12:52:50] /a 3
[13/5/2014 12:52:51] /a 3
[13/5/2014 12:52:51] /a 3
[13/5/2014 12:52:51] /a 3
[13/5/2014 12:52:51] /a 3
[13/5/2014 12:52:51] /a 3
[13/5/2014 12:52:51] /a 3
[13/5/2014 12:52:51] /a 3
[13/5/2014 12:52:51] /a 3
[13/5/2014 12:52:51] /a 3
[13/5/2014 12:52:51] /a 3
[13/5/2014 12:52:51] /a 3
[13/5/2014 12:52:52] /a 3
[13/5/2014 12:52:52] /a 3
[13/5/2014 12:52:52] /a 3
[13/5/2014 12:52:52] /a 3
[13/5/2014 12:52:52] /a 3
[13/5/2014 12:52:52] /a 3
[13/5/2014 12:53:3] /goto ushuriel
[13/5/2014 12:53:12] /i fire sword
[13/5/2014 12:53:20] /attr set attack 9999
[13/5/2014 12:53:36] /attr attack 9999
[13/5/2014 12:53:50] /attr sset attack 9999
[13/5/2014 12:54:8] /attr set attack sword 9999
[13/5/2014 12:54:12] /attr 999
[13/5/2014 12:54:20] /attr attack 999
[13/5/2014 12:54:40] /s ghazbaran
[13/5/2014 12:54:41] /s ghazbaran
[13/5/2014 12:54:42] /s ghazbaran
[13/5/2014 12:54:43] /s ghazbaran
[13/5/2014 12:54:44] /s ghazbaran
[13/5/2014 12:54:44] /s ghazbaran
[13/5/2014 12:54:45] /s ghazbaran
[13/5/2014 12:54:46] /s ghazbaran
[13/5/2014 12:55:23] /i 1387
[13/5/2014 13:2:55] /i 9773
[13/5/2014 13:6:0] /s ghazbaran
[13/5/2014 13:6:2] /s ferumbras
[13/5/2014 13:6:4] /s ferumbras
[13/5/2014 13:6:5] /s ferumbras
[13/5/2014 13:6:6] /s ferumbras
[13/5/2014 13:6:17] /s ghazbaran
[13/5/2014 13:6:18] /s ghazbaran
[13/5/2014 13:6:19] /s ghazbaran
[13/5/2014 13:6:20] /s ghazbaran
[13/5/2014 13:6:22] /s ghazbara
[13/5/2014 13:11:14] /s golden knight
[13/5/2014 13:11:19] /s morgaroth
[13/5/2014 13:11:24] /m morgaroth
